
Recovery Manager: Release 11.2.0.4.0 - Production on Fri Jun 24 20:00:01 2016

Copyright (c) 1982, 2011, Oracle and/or its affiliates.  All rights reserved.

ORACLE_HOME = /u01/rac/product/11.2.0/dbhome_1
System name:	Linux
Node name:	sreikolsefl1.srei.com
Release:	2.6.39-400.247.1.el5uek
Version:	#1 SMP Thu Feb 5 15:53:28 PST 2015
Machine:	x86_64

Starting with debugging turned off

connected to target database: SP01 (DBID=1526771045)

RMAN> 
RMAN> 2> 3> 4> 5> 6> 7> 8> 9> 10> 11> 12> 13> 14> 15> 
using target database control file instead of recovery catalog
allocated channel: e1
channel e1: SID=17 instance=sp011 device type=DISK

allocated channel: e2
channel e2: SID=74 instance=sp011 device type=DISK

allocated channel: e3
channel e3: SID=60 instance=sp011 device type=DISK

allocated channel: e4
channel e4: SID=229 instance=sp011 device type=DISK

RMAN retention policy will be applied to the command
RMAN retention policy is set to recovery window of 3 days
no obsolete backups found

specification does not match any archived log in the repository


validation succeeded for archived log
archived log file name=+LOGARCH/sp01/archivelog/2016_06_24/thread_1_seq_1050.394.915387177 RECID=3024 STAMP=915387176
validation succeeded for archived log
archived log file name=+LOGARCH/sp01/archivelog/2016_06_24/thread_1_seq_1051.297.915389161 RECID=3028 STAMP=915389161
validation succeeded for archived log
archived log file name=+LOGARCH/sp01/archivelog/2016_06_24/thread_1_seq_1052.326.915390047 RECID=3030 STAMP=915390046
validation succeeded for archived log
archived log file name=+LOGARCH/sp01/archivelog/2016_06_24/thread_1_seq_1053.370.915392865 RECID=3034 STAMP=915392865
validation succeeded for archived log
archived log file name=+LOGARCH/sp01/archivelog/2016_06_24/thread_2_seq_1974.313.915387103 RECID=3023 STAMP=915387104
validation succeeded for archived log
archived log file name=+LOGARCH/sp01/archivelog/2016_06_24/thread_2_seq_1975.371.915387911 RECID=3025 STAMP=915387911
validation succeeded for archived log
archived log file name=+LOGARCH/sp01/archivelog/2016_06_24/thread_2_seq_1976.343.915388521 RECID=3026 STAMP=915388520
validation succeeded for archived log
archived log file name=+LOGARCH/sp01/archivelog/2016_06_24/thread_2_seq_1977.299.915389159 RECID=3027 STAMP=915389160
validation succeeded for archived log
archived log file name=+LOGARCH/sp01/archivelog/2016_06_24/thread_2_seq_1978.268.915389965 RECID=3029 STAMP=915389964
validation succeeded for archived log
archived log file name=+LOGARCH/sp01/archivelog/2016_06_24/thread_2_seq_1979.259.915390985 RECID=3031 STAMP=915390985
validation succeeded for archived log
archived log file name=+LOGARCH/sp01/archivelog/2016_06_24/thread_2_seq_1980.319.915391829 RECID=3032 STAMP=915391828
validation succeeded for archived log
archived log file name=+LOGARCH/sp01/archivelog/2016_06_24/thread_2_seq_1981.290.915392863 RECID=3033 STAMP=915392863
validation succeeded for archived log
archived log file name=+LOGARCH/sp01/archivelog/2016_06_24/thread_2_seq_1982.369.915393611 RECID=3035 STAMP=915393611
Crosschecked 13 objects



Starting backup at 24-JUN-16
current log archived
channel e1: starting compressed archived log backup set
channel e1: specifying archived log(s) in backup set
input archived log thread=2 sequence=1974 RECID=3023 STAMP=915387104
input archived log thread=1 sequence=1050 RECID=3024 STAMP=915387176
input archived log thread=2 sequence=1975 RECID=3025 STAMP=915387911
input archived log thread=1 sequence=1051 RECID=3028 STAMP=915389161
channel e1: starting piece 1 at 24-JUN-16
channel e2: starting compressed archived log backup set
channel e2: specifying archived log(s) in backup set
input archived log thread=2 sequence=1976 RECID=3026 STAMP=915388520
input archived log thread=2 sequence=1977 RECID=3027 STAMP=915389160
input archived log thread=2 sequence=1978 RECID=3029 STAMP=915389964
input archived log thread=1 sequence=1052 RECID=3030 STAMP=915390046
channel e2: starting piece 1 at 24-JUN-16
channel e3: starting compressed archived log backup set
channel e3: specifying archived log(s) in backup set
input archived log thread=2 sequence=1979 RECID=3031 STAMP=915390985
input archived log thread=1 sequence=1053 RECID=3034 STAMP=915392865
input archived log thread=2 sequence=1980 RECID=3032 STAMP=915391828
channel e3: starting piece 1 at 24-JUN-16
channel e4: starting compressed archived log backup set
channel e4: specifying archived log(s) in backup set
input archived log thread=2 sequence=1981 RECID=3033 STAMP=915392863
input archived log thread=2 sequence=1982 RECID=3035 STAMP=915393611
input archived log thread=1 sequence=1054 RECID=3036 STAMP=915393612
input archived log thread=2 sequence=1983 RECID=3038 STAMP=915393618
channel e4: starting piece 1 at 24-JUN-16
channel e2: finished piece 1 at 24-JUN-16
piece handle=/newdump/filesystems/SP01/rmanbackup/BackupSP01_DB_n7r8vj2k_743_1_20160624.bkp tag=FULL_SP01_BACKUP comment=NONE
channel e2: backup set complete, elapsed time: 00:00:15
channel e2: deleting archived log(s)
archived log file name=+LOGARCH/sp01/archivelog/2016_06_24/thread_2_seq_1976.343.915388521 RECID=3026 STAMP=915388520
archived log file name=+LOGARCH/sp01/archivelog/2016_06_24/thread_2_seq_1977.299.915389159 RECID=3027 STAMP=915389160
archived log file name=+LOGARCH/sp01/archivelog/2016_06_24/thread_2_seq_1978.268.915389965 RECID=3029 STAMP=915389964
archived log file name=+LOGARCH/sp01/archivelog/2016_06_24/thread_1_seq_1052.326.915390047 RECID=3030 STAMP=915390046
channel e2: starting compressed archived log backup set
channel e2: specifying archived log(s) in backup set
input archived log thread=1 sequence=1055 RECID=3037 STAMP=915393618
channel e2: starting piece 1 at 24-JUN-16
channel e3: finished piece 1 at 24-JUN-16
piece handle=/newdump/filesystems/SP01/rmanbackup/BackupSP01_DB_n8r8vj2k_744_1_20160624.bkp tag=FULL_SP01_BACKUP comment=NONE
channel e3: backup set complete, elapsed time: 00:00:51
channel e3: deleting archived log(s)
archived log file name=+LOGARCH/sp01/archivelog/2016_06_24/thread_2_seq_1979.259.915390985 RECID=3031 STAMP=915390985
archived log file name=+LOGARCH/sp01/archivelog/2016_06_24/thread_1_seq_1053.370.915392865 RECID=3034 STAMP=915392865
archived log file name=+LOGARCH/sp01/archivelog/2016_06_24/thread_2_seq_1980.319.915391829 RECID=3032 STAMP=915391828
channel e4: finished piece 1 at 24-JUN-16
piece handle=/newdump/filesystems/SP01/rmanbackup/BackupSP01_DB_n9r8vj2k_745_1_20160624.bkp tag=FULL_SP01_BACKUP comment=NONE
channel e4: backup set complete, elapsed time: 00:01:21
channel e4: deleting archived log(s)
archived log file name=+LOGARCH/sp01/archivelog/2016_06_24/thread_2_seq_1981.290.915392863 RECID=3033 STAMP=915392863
archived log file name=+LOGARCH/sp01/archivelog/2016_06_24/thread_2_seq_1982.369.915393611 RECID=3035 STAMP=915393611
archived log file name=+LOGARCH/sp01/archivelog/2016_06_24/thread_1_seq_1054.284.915393611 RECID=3036 STAMP=915393612
archived log file name=+LOGARCH/sp01/archivelog/2016_06_24/thread_2_seq_1983.308.915393619 RECID=3038 STAMP=915393618
channel e1: finished piece 1 at 24-JUN-16
piece handle=/newdump/filesystems/SP01/rmanbackup/BackupSP01_DB_n6r8vj2j_742_1_20160624.bkp tag=FULL_SP01_BACKUP comment=NONE
channel e1: backup set complete, elapsed time: 00:01:23
channel e1: deleting archived log(s)
archived log file name=+LOGARCH/sp01/archivelog/2016_06_24/thread_2_seq_1974.313.915387103 RECID=3023 STAMP=915387104
archived log file name=+LOGARCH/sp01/archivelog/2016_06_24/thread_1_seq_1050.394.915387177 RECID=3024 STAMP=915387176
archived log file name=+LOGARCH/sp01/archivelog/2016_06_24/thread_2_seq_1975.371.915387911 RECID=3025 STAMP=915387911
archived log file name=+LOGARCH/sp01/archivelog/2016_06_24/thread_1_seq_1051.297.915389161 RECID=3028 STAMP=915389161
channel e2: finished piece 1 at 24-JUN-16
piece handle=/newdump/filesystems/SP01/rmanbackup/BackupSP01_DB_nar8vj47_746_1_20160624.bkp tag=FULL_SP01_BACKUP comment=NONE
channel e2: backup set complete, elapsed time: 00:00:33
channel e2: deleting archived log(s)
archived log file name=+LOGARCH/sp01/archivelog/2016_06_24/thread_1_seq_1055.266.915393617 RECID=3037 STAMP=915393618
Finished backup at 24-JUN-16

Starting backup at 24-JUN-16
channel e1: starting compressed full datafile backup set
channel e1: specifying datafile(s) in backup set
input datafile file number=00011 name=+LOGARCH/sp01/datafile/sefpllive_04.dbf
input datafile file number=00016 name=+LOGARCH/sp01/datafile/sefpllive_09.dbf
input datafile file number=00014 name=+SEFLDATA/sp01/datafile/sefpllive_07.dbf
input datafile file number=00005 name=+SEFLDATA/sp01/datafile/users.279.913866861
input datafile file number=00017 name=+LOGARCH/sp01/datafile/sefpllive_10.dbf
channel e1: starting piece 1 at 24-JUN-16
channel e2: starting compressed full datafile backup set
channel e2: specifying datafile(s) in backup set
input datafile file number=00003 name=+SEFLDATA/sp01/datafile/sefpllive_02.dbf
input datafile file number=00012 name=+LOGARCH/sp01/datafile/sefpllive_05.dbf
input datafile file number=00007 name=+SEFLDATA/sp01/datafile/undotbs03.dbf
input datafile file number=00001 name=+SEFLDATA/sp01/datafile/system.262.913866833
channel e2: starting piece 1 at 24-JUN-16
channel e3: starting compressed full datafile backup set
channel e3: specifying datafile(s) in backup set
input datafile file number=00006 name=+SEFLDATA/sp01/datafile/sefpllive_01.dbf
input datafile file number=00015 name=+LOGARCH/sp01/datafile/sefpllive_08.dbf
input datafile file number=00008 name=+SEFLDATA/sp01/datafile/sefpllivereports_01.dbf
input datafile file number=00009 name=+SEFLDATA/sp01/datafile/sefpllive_rpt_readonly_01.dbf
channel e3: starting piece 1 at 24-JUN-16
channel e4: starting compressed full datafile backup set
channel e4: specifying datafile(s) in backup set
input datafile file number=00004 name=+SEFLDATA/sp01/datafile/sefpllive_03.dbf
input datafile file number=00013 name=+LOGARCH/sp01/datafile/sefpllive_06.dbf
input datafile file number=00010 name=+SEFLDATA/sp01/datafile/undotbs04.dbf
input datafile file number=00002 name=+SEFLDATA/sp01/datafile/sysaux.266.913866841
channel e4: starting piece 1 at 24-JUN-16
channel e4: finished piece 1 at 24-JUN-16
piece handle=/newdump/filesystems/SP01/rmanbackup/BackupSP01_DB_ngr8vj5a_752_1_20160624.bkp tag=FULL_SP01_BACKUP comment=NONE
channel e4: backup set complete, elapsed time: 00:54:07
channel e2: finished piece 1 at 24-JUN-16
piece handle=/newdump/filesystems/SP01/rmanbackup/BackupSP01_DB_ner8vj5a_750_1_20160624.bkp tag=FULL_SP01_BACKUP comment=NONE
channel e2: backup set complete, elapsed time: 00:54:48
channel e3: finished piece 1 at 24-JUN-16
piece handle=/newdump/filesystems/SP01/rmanbackup/BackupSP01_DB_nfr8vj5a_751_1_20160624.bkp tag=FULL_SP01_BACKUP comment=NONE
channel e3: backup set complete, elapsed time: 00:56:48
channel e1: finished piece 1 at 24-JUN-16
piece handle=/newdump/filesystems/SP01/rmanbackup/BackupSP01_DB_ndr8vj59_749_1_20160624.bkp tag=FULL_SP01_BACKUP comment=NONE
channel e1: backup set complete, elapsed time: 00:59:48
Finished backup at 24-JUN-16

Starting backup at 24-JUN-16
current log archived
channel e1: starting compressed archived log backup set
channel e1: specifying archived log(s) in backup set
input archived log thread=1 sequence=1056 RECID=3040 STAMP=915396052
channel e1: starting piece 1 at 24-JUN-16
channel e2: starting compressed archived log backup set
channel e2: specifying archived log(s) in backup set
input archived log thread=2 sequence=1984 RECID=3039 STAMP=915395734
channel e2: starting piece 1 at 24-JUN-16
channel e3: starting compressed archived log backup set
channel e3: specifying archived log(s) in backup set
input archived log thread=2 sequence=1985 RECID=3042 STAMP=915397298
channel e3: starting piece 1 at 24-JUN-16
channel e4: starting compressed archived log backup set
channel e4: specifying archived log(s) in backup set
input archived log thread=1 sequence=1057 RECID=3041 STAMP=915397295
channel e4: starting piece 1 at 24-JUN-16
channel e4: finished piece 1 at 24-JUN-16
piece handle=/newdump/filesystems/SP01/rmanbackup/BackupSP01_DB_nkr8vmll_756_1_20160624.bkp tag=FULL_SP01_BACKUP comment=NONE
channel e4: backup set complete, elapsed time: 00:00:01
channel e4: deleting archived log(s)
archived log file name=+LOGARCH/sp01/archivelog/2016_06_24/thread_1_seq_1057.371.915397295 RECID=3041 STAMP=915397295
channel e3: finished piece 1 at 24-JUN-16
piece handle=/newdump/filesystems/SP01/rmanbackup/BackupSP01_DB_njr8vmll_755_1_20160624.bkp tag=FULL_SP01_BACKUP comment=NONE
channel e3: backup set complete, elapsed time: 00:00:01
channel e3: deleting archived log(s)
archived log file name=+LOGARCH/sp01/archivelog/2016_06_24/thread_2_seq_1985.394.915397297 RECID=3042 STAMP=915397298
channel e1: finished piece 1 at 24-JUN-16
piece handle=/newdump/filesystems/SP01/rmanbackup/BackupSP01_DB_nhr8vmll_753_1_20160624.bkp tag=FULL_SP01_BACKUP comment=NONE
channel e1: backup set complete, elapsed time: 00:00:04
channel e1: deleting archived log(s)
archived log file name=+LOGARCH/sp01/archivelog/2016_06_24/thread_1_seq_1056.297.915396053 RECID=3040 STAMP=915396052
channel e2: finished piece 1 at 24-JUN-16
piece handle=/newdump/filesystems/SP01/rmanbackup/BackupSP01_DB_nir8vmll_754_1_20160624.bkp tag=FULL_SP01_BACKUP comment=NONE
channel e2: backup set complete, elapsed time: 00:00:04
channel e2: deleting archived log(s)
archived log file name=+LOGARCH/sp01/archivelog/2016_06_24/thread_2_seq_1984.266.915395735 RECID=3039 STAMP=915395734
Finished backup at 24-JUN-16

Starting backup at 24-JUN-16
channel e1: starting full datafile backup set
channel e1: specifying datafile(s) in backup set
including current control file in backup set
channel e1: starting piece 1 at 24-JUN-16
channel e1: finished piece 1 at 24-JUN-16
piece handle=/newdump/filesystems/SP01/rmanbackup/controlfile_nlr8vmlp_1_1_24.bkp tag=TAG20160624T210145 comment=NONE
channel e1: backup set complete, elapsed time: 00:00:01
Finished backup at 24-JUN-16

Starting backup at 24-JUN-16
channel e1: starting full datafile backup set
channel e1: specifying datafile(s) in backup set
including current SPFILE in backup set
channel e1: starting piece 1 at 24-JUN-16
channel e1: finished piece 1 at 24-JUN-16
piece handle=/newdump/filesystems/SP01/rmanbackup/spfile_nmr8vmls_1_1_24.bkp tag=TAG20160624T210148 comment=NONE
channel e1: backup set complete, elapsed time: 00:00:01
Finished backup at 24-JUN-16

Starting Control File and SPFILE Autobackup at 24-JUN-16
piece handle=+LOGARCH/sp01/autobackup/2016_06_24/s_915397309.266.915397311 comment=NONE
Finished Control File and SPFILE Autobackup at 24-JUN-16

specification does not match any archived log in the repository
released channel: e1
released channel: e2
released channel: e3
released channel: e4

RMAN> 

Recovery Manager complete.
