
DROP TABLE SEFPLLIVE.TMP_REPO_DUR_REL_AC41 purge ;
DROP TABLE SEFPLLIVE.TMP_REPO_DUR_REL_AC36 purge ;
DROP TABLE SEFPLLIVE.TMP_INS_WF_CONTRACT37 purge ;
DROP TABLE SEFPLLIVE.TMP_INS_TOT_CONTRACT_FEE37 purge ;
DROP TABLE SEFPLLIVE.TMP_INS_TOT_CONTRACT_DISC37 purge ;
DROP TABLE SEFPLLIVE.TMP_INS_SUBVENTION37 purge ;
DROP TABLE SEFPLLIVE.TMP_INS_PARTY_ADDR37 purge ;
DROP TABLE SEFPLLIVE.TMP_INS_MNGMNT_FEE37 purge ;
DROP TABLE SEFPLLIVE.TMP_INS_FEE_AMT37 purge ;
DROP TABLE SEFPLLIVE.TMP_INS_DELIVERY_ORDER37 purge ;
DROP TABLE SEFPLLIVE.TMP_INS_CUSTOM_VAL37 purge ;
DROP TABLE SEFPLLIVE.TMP_INS_CONTRACT_MNGMNT_FEE37 purge ;
DROP TABLE SEFPLLIVE.TMP_INS_CONTRACT_FIN_AMT5 purge ;
DROP TABLE SEFPLLIVE.TMP_INS_CONTRACT_FIN_AMT37 purge ;
DROP TABLE SEFPLLIVE.TMP_INS_CNTRCT_MNGMNT_FEE37 purge ;
DROP TABLE SEFPLLIVE.TMP_INS_ASSET_FIN_AMT37 purge ;
DROP TABLE SEFPLLIVE.TMP_INS_ASSET_CSV37 purge ;
DROP TABLE SEFPLLIVE.TMP_INS_ASSET_CONTRACT5 purge ;
DROP TABLE SEFPLLIVE.TMP_INS_ASSET_CONTRACT37 purge ;
DROP TABLE SEFPLLIVE.TMP_INS_ASSET_CF37 purge ;
DROP TABLE SEFPLLIVE.TMP_BS_NG_RCF13_ASSET29 purge ;
DROP TABLE SEFPLLIVE.TMP_BS_NG_RCF12_RM_NAME29 purge ;
DROP TABLE SEFPLLIVE.TMP_BS_NG_RCF11_INS_NO29 purge ;
DROP TABLE SEFPLLIVE.TMP_BS_NG_RCF10_INS_DT29 purge ;
DROP TABLE SEFPLLIVE.TMP_BS_NG_RCF09_FC29 purge ;
DROP TABLE SEFPLLIVE.TMP_BS_NG_RCF08_MARGIN29 purge ;
DROP TABLE SEFPLLIVE.TMP_BS_NG_RCF07_AC0329 purge ;
DROP TABLE SEFPLLIVE.TMP_BS_NG_RCF06_AC0229 purge ;
DROP TABLE SEFPLLIVE.TMP_BS_NG_RCF05_AC0129 purge ;
DROP TABLE SEFPLLIVE.TMP_BS_NG_RCF04_PGC29 purge ;
DROP TABLE SEFPLLIVE.TMP_BS_NG_RCF04_CONTRACT29 purge ;
DROP TABLE SEFPLLIVE.TMP_BS_NG_RCF04_CNTRCT29 purge ;
DROP TABLE SEFPLLIVE.TMP_BS_NG_RCF03_PGC29 purge ;
DROP TABLE SEFPLLIVE.TMP_BS_NG_RCF02_PGC29 purge ;
DROP TABLE SEFPLLIVE.TMP_BS_NG_RCF01_PGC29 purge ;

Table dropped.


Table dropped.


Table dropped.


Table dropped.


Table dropped.


Table dropped.


Table dropped.


Table dropped.


Table dropped.


Table dropped.


Table dropped.


Table dropped.


Table dropped.


Table dropped.


Table dropped.


Table dropped.


Table dropped.


Table dropped.


Table dropped.


Table dropped.


Table dropped.


Table dropped.


Table dropped.


Table dropped.


Table dropped.


Table dropped.


Table dropped.


Table dropped.


Table dropped.


Table dropped.


Table dropped.


Table dropped.


Table dropped.


Table dropped.


Table dropped.

