
DROP TABLE SEFPLLIVE.TMP_REPO_DUR_REL_AC7 purge ;
DROP TABLE SEFPLLIVE.TMP_REPO_DUR_REL_AC11 purge ;
DROP TABLE SEFPLLIVE.TMP_INS_CONTRACT_FIN_AMT63 purge ;
DROP TABLE SEFPLLIVE.TMP_INS_ASSET_CONTRACT63 purge ;
DROP TABLE SEFPLLIVE.TMP_BS_NG_RCF05_AC0128 purge ;
DROP TABLE SEFPLLIVE.TMP_BS_NG_RCF04_PGC28 purge ;
DROP TABLE SEFPLLIVE.TMP_BS_NG_RCF04_CONTRACT28 purge ;
DROP TABLE SEFPLLIVE.TMP_BS_NG_RCF04_CNTRCT28 purge ;
DROP TABLE SEFPLLIVE.TMP_BS_NG_RCF03_PGC28 purge ;
DROP TABLE SEFPLLIVE.TMP_BS_NG_RCF02_PGC28 purge ;
DROP TABLE SEFPLLIVE.TMP_BS_NG_RCF01_PGC28 purge ;
DROP TABLE SEFPLLIVE.TMP99_CI_FINAL_REPORT94 purge ;
DROP TABLE SEFPLLIVE.TMP99_CI_FINAL_REPORT70 purge ;
DROP TABLE SEFPLLIVE.TMP99_CI_FINAL_REPORT29 purge ;
DROP TABLE SEFPLLIVE.TMP99_CI_FINAL_REPORT17 purge ;
DROP TABLE SEFPLLIVE.TMP99_CI_FINAL_REPORT16 purge ;
DROP TABLE SEFPLLIVE.TMP99_CI_FINAL_DATA94 purge ;
DROP TABLE SEFPLLIVE.TMP99_CI_FINAL_DATA70 purge ;
DROP TABLE SEFPLLIVE.TMP99_CI_FINAL_DATA29 purge ;
DROP TABLE SEFPLLIVE.TMP99_CI_FINAL_DATA17 purge ;
DROP TABLE SEFPLLIVE.TMP99_CI_FINAL_DATA16 purge ;

Table dropped.


Table dropped.


Table dropped.


Table dropped.


Table dropped.


Table dropped.


Table dropped.


Table dropped.


Table dropped.


Table dropped.


Table dropped.


Table dropped.


Table dropped.


Table dropped.


Table dropped.


Table dropped.


Table dropped.


Table dropped.


Table dropped.


Table dropped.


Table dropped.

