
DROP TABLE SEFPLLIVE.TMP_REPO_DUR_REL_AC27 purge ;
DROP TABLE SEFPLLIVE.TMP_REPO_DUR_REL_AC20 purge ;
DROP TABLE SEFPLLIVE.TMP_INS_WF_CONTRACT59 purge ;
DROP TABLE SEFPLLIVE.TMP_INS_TOT_CONTRACT_FEE59 purge ;
DROP TABLE SEFPLLIVE.TMP_INS_TOT_CONTRACT_DISC59 purge ;
DROP TABLE SEFPLLIVE.TMP_INS_SUBVENTION59 purge ;
DROP TABLE SEFPLLIVE.TMP_INS_MNGMNT_FEE59 purge ;
DROP TABLE SEFPLLIVE.TMP_INS_FEE_AMT59 purge ;
DROP TABLE SEFPLLIVE.TMP_INS_DELIVERY_ORDER59 purge ;
DROP TABLE SEFPLLIVE.TMP_INS_CUSTOM_VAL59 purge ;
DROP TABLE SEFPLLIVE.TMP_INS_CONTRACT_MNGMNT_FEE59 purge ;
DROP TABLE SEFPLLIVE.TMP_INS_CONTRACT_FIN_AMT59 purge ;
DROP TABLE SEFPLLIVE.TMP_INS_CNTRCT_MNGMNT_FEE59 purge ;
DROP TABLE SEFPLLIVE.TMP_INS_ASSET_FIN_AMT59 purge ;
DROP TABLE SEFPLLIVE.TMP_INS_ASSET_CSV59 purge ;
DROP TABLE SEFPLLIVE.TMP_INS_ASSET_CONTRACT59 purge ;
DROP TABLE SEFPLLIVE.TMP_INS_ASSET_CF59 purge ;
DROP TABLE SEFPLLIVE.TMP_BS_NG_RCF07_AC035 purge ;
DROP TABLE SEFPLLIVE.TMP_BS_NG_RCF06_AC025 purge ;
DROP TABLE SEFPLLIVE.TMP_BS_NG_RCF05_AC015 purge ;
DROP TABLE SEFPLLIVE.TMP_BS_NG_RCF04_PGC5 purge ;
DROP TABLE SEFPLLIVE.TMP_BS_NG_RCF04_CONTRACT5 purge ;
DROP TABLE SEFPLLIVE.TMP_BS_NG_RCF04_CNTRCT5 purge ;
DROP TABLE SEFPLLIVE.TMP_BS_NG_RCF03_PGC5 purge ;
DROP TABLE SEFPLLIVE.TMP_BS_NG_RCF02_PGC5 purge ;
DROP TABLE SEFPLLIVE.TMP_BS_NG_RCF01_PGC5 purge ;

Table dropped.


Table dropped.


Table dropped.


Table dropped.


Table dropped.


Table dropped.


Table dropped.


Table dropped.


Table dropped.


Table dropped.


Table dropped.


Table dropped.


Table dropped.


Table dropped.


Table dropped.


Table dropped.


Table dropped.


Table dropped.


Table dropped.


Table dropped.


Table dropped.


Table dropped.


Table dropped.


Table dropped.


Table dropped.


Table dropped.

