
DROP TABLE SEFPLLIVE.TMP_REPO_DUR_REL_AC66 purge ;
DROP TABLE SEFPLLIVE.TMP_REPO_DUR_REL_AC61 purge ;
DROP TABLE SEFPLLIVE.TMP_PF01FLOWCALC10 purge ;
DROP TABLE SEFPLLIVE.TMP_INS_CONTRACT_FIN_AMT24 purge ;
DROP TABLE SEFPLLIVE.TMP_INS_ASSET_CONTRACT24 purge ;
DROP TABLE SEFPLLIVE.TMP_CD02_ACTIVATION_DATE15 purge ;
DROP TABLE SEFPLLIVE.TMP_CD01_CONTRACT15 purge ;
DROP TABLE SEFPLLIVE.TMP99_CI_FINAL_REPORT90 purge ;
DROP TABLE SEFPLLIVE.TMP99_CI_FINAL_REPORT21 purge ;
DROP TABLE SEFPLLIVE.TMP99_CI_FINAL_DATA90 purge ;
DROP TABLE SEFPLLIVE.TMP99_CI_FINAL_DATA21 purge ;

Table dropped.


Table dropped.


Table dropped.


Table dropped.


Table dropped.


Table dropped.


Table dropped.


Table dropped.


Table dropped.


Table dropped.


Table dropped.

