
Recovery Manager: Release 11.2.0.2.0 - Production on Thu Jul 14 20:03:20 2016

Copyright (c) 1982, 2009, Oracle and/or its affiliates.  All rights reserved.

ORACLE_HOME = /u01/rac/oracle_base/db/tech_st/11.2.0/
System name:	Linux
Node name:	sreikolebz2.srei.com
Release:	2.6.39-400.247.1.el5uek
Version:	#1 SMP Thu Feb 5 15:53:28 PST 2015
Machine:	x86_64

Starting with debugging turned off

connected to target database: EBS (DBID=2012991160)

RMAN> 
RMAN> 2> 3> 4> 5> 6> 7> 8> 9> 10> 11> 12> 13> 14> 15> 16> 
using target database control file instead of recovery catalog
allocated channel: e1
channel e1: SID=434 instance=EBS2 device type=DISK

allocated channel: e2
channel e2: SID=657 instance=EBS2 device type=DISK

allocated channel: e3
channel e3: SID=868 instance=EBS2 device type=DISK

allocated channel: e4
channel e4: SID=1081 instance=EBS2 device type=DISK

RMAN retention policy will be applied to the command
RMAN retention policy is set to recovery window of 3 days
Deleting the following obsolete backups and copies:
Type                 Key    Completion Time    Filename/Handle
-------------------- ------ ------------------ --------------------
Backup Set           6862   11-JUL-16         
  Backup Piece       6862   11-JUL-16          +ARCHIVELOG/ebs/autobackup/2016_07_11/s_916905760.362.916905761
deleted backup piece
backup piece handle=+ARCHIVELOG/ebs/autobackup/2016_07_11/s_916905760.362.916905761 RECID=6862 STAMP=916905761
Deleted 1 objects


specification does not match any archived log in the repository

specification does not match any archived log in the repository

specification does not match any archived log in the repository

sql statement: alter system archive log current


Starting backup at 14-JUL-16
current log archived
channel e1: starting compressed archived log backup set
channel e1: specifying archived log(s) in backup set
input archived log thread=2 sequence=5207 RECID=8612 STAMP=917208217
channel e1: starting piece 1 at 14-JUL-16
channel e2: starting compressed archived log backup set
channel e2: specifying archived log(s) in backup set
input archived log thread=1 sequence=3401 RECID=8613 STAMP=917208227
channel e2: starting piece 1 at 14-JUL-16
channel e3: starting compressed archived log backup set
channel e3: specifying archived log(s) in backup set
input archived log thread=1 sequence=3402 RECID=8614 STAMP=917208229
channel e3: starting piece 1 at 14-JUL-16
channel e4: starting compressed archived log backup set
channel e4: specifying archived log(s) in backup set
input archived log thread=2 sequence=5208 RECID=8615 STAMP=917208230
channel e4: starting piece 1 at 14-JUL-16
channel e3: finished piece 1 at 14-JUL-16
piece handle=/newdump/rmanbackup/EBS/BackupEBS_DB_ugramv57_7120_1_20160714.bkp tag=FULL_EBS_BACKUP comment=NONE
channel e3: backup set complete, elapsed time: 00:00:01
channel e3: deleting archived log(s)
archived log file name=+ARCHIVELOG/ebs/archivelog/2016_07_14/thread_1_seq_3402.348.917208229 RECID=8614 STAMP=917208229
channel e4: finished piece 1 at 14-JUL-16
piece handle=/newdump/rmanbackup/EBS/BackupEBS_DB_uhramv57_7121_1_20160714.bkp tag=FULL_EBS_BACKUP comment=NONE
channel e4: backup set complete, elapsed time: 00:00:01
channel e4: deleting archived log(s)
archived log file name=+ARCHIVELOG/ebs/archivelog/2016_07_14/thread_2_seq_5208.312.917208231 RECID=8615 STAMP=917208230
channel e1: finished piece 1 at 14-JUL-16
piece handle=/newdump/rmanbackup/EBS/BackupEBS_DB_ueramv57_7118_1_20160714.bkp tag=FULL_EBS_BACKUP comment=NONE
channel e1: backup set complete, elapsed time: 00:00:15
channel e1: deleting archived log(s)
archived log file name=+ARCHIVELOG/ebs/archivelog/2016_07_14/thread_2_seq_5207.360.917208215 RECID=8612 STAMP=917208217
channel e2: finished piece 1 at 14-JUL-16
piece handle=/newdump/rmanbackup/EBS/BackupEBS_DB_uframv57_7119_1_20160714.bkp tag=FULL_EBS_BACKUP comment=NONE
channel e2: backup set complete, elapsed time: 00:00:56
channel e2: deleting archived log(s)
archived log file name=+ARCHIVELOG/ebs/archivelog/2016_07_14/thread_1_seq_3401.362.917208215 RECID=8613 STAMP=917208227
Finished backup at 14-JUL-16

Starting backup at 14-JUL-16
channel e1: starting compressed full datafile backup set
channel e1: specifying datafile(s) in backup set
input datafile file number=00400 name=+DATABASE/ebs/datafile/apps_ts_media.310.879912579
input datafile file number=00011 name=+DATABASE/ebs/datafile/sysaux.293.879912719
input datafile file number=00393 name=+DATABASE/ebs/datafile/apps_ts_tx_idx.317.879912667
input datafile file number=00405 name=+DATABASE/ebs/datafile/apps_ts_tx_idx.297.879912709
input datafile file number=00024 name=+DATABASE/ebs/datafile/apps_ts_media.290.879912753
input datafile file number=00001 name=+DATABASE/ebs/datafile/system.287.879912763
input datafile file number=00005 name=+DATABASE/ebs/datafile/system.283.879912773
input datafile file number=00295 name=+DATABASE/ebs/datafile/system.279.879912785
input datafile file number=00394 name=+DATABASE/ebs/datafile/apps_ts_seed.274.879912801
input datafile file number=00006 name=+DATABASE/ebs/datafile/ctxd.271.879912811
input datafile file number=00397 name=+DATABASE/ebs/datafile/apps_ts_nologging.269.879912817
input datafile file number=00012 name=+DATABASE/ebs/datafile/apps_ts_tools.264.879912829
input datafile file number=00027 name=+DATABASE/ebs/datafile/apps_ts_tx_data.321.903091227
channel e1: starting piece 1 at 14-JUL-16
channel e2: starting compressed full datafile backup set
channel e2: specifying datafile(s) in backup set
input datafile file number=00401 name=+DATABASE/ebs/datafile/apps_ts_tx_data.304.879912579
input datafile file number=00402 name=+DATABASE/ebs/datafile/apps_ts_tx_data.303.879912579
input datafile file number=00403 name=+DATABASE/ebs/datafile/apps_ts_tx_idx.299.879912669
input datafile file number=00025 name=+DATABASE/ebs/datafile/apps_ts_media.289.879912757
input datafile file number=00398 name=+DATABASE/ebs/datafile/apps_ts_archive.295.879912717
input datafile file number=00003 name=+DATABASE/ebs/datafile/system.286.879912767
input datafile file number=00022 name=+DATABASE/savior_01.dbf
input datafile file number=00352 name=+DATABASE/ebs/datafile/system.277.879912793
input datafile file number=00396 name=+DATABASE/ebs/datafile/apps_ts_summary.273.879912803
input datafile file number=00017 name=+DATABASE/ebs/datafile/apps_ts_interface.268.879912819
input datafile file number=00026 name=+DATABASE/ebs/datafile/ambitnight.311.882635939
input datafile file number=00009 name=+DATABASE/ebs/datafile/odm.260.879913289
input datafile file number=00314 name=+DATABASE/ebs/datafile/portal.262.879912835
channel e2: starting piece 1 at 14-JUL-16
channel e3: starting compressed full datafile backup set
channel e3: specifying datafile(s) in backup set
input datafile file number=00392 name=+DATABASE/ebs/datafile/apps_ts_tx_data.301.879912579
input datafile file number=00023 name=+DATABASE/ebs/datafile/apps_undots1.307.879912579
input datafile file number=00015 name=+DATABASE/ebs/datafile/apps_ts_tx_idx.308.879912665
input datafile file number=00404 name=+DATABASE/ebs/datafile/apps_ts_tx_idx.298.879912705
input datafile file number=00379 name=+DATABASE/ebs/datafile/apps_undots1.300.879912667
input datafile file number=00002 name=+DATABASE/ebs/datafile/system.288.879912763
input datafile file number=00013 name=+DATABASE/ebs/datafile/system.282.879912779
input datafile file number=00351 name=+DATABASE/ebs/datafile/system.278.879912787
input datafile file number=00395 name=+DATABASE/ebs/datafile/apps_ts_interface.275.879912799
input datafile file number=00016 name=+DATABASE/ebs/datafile/apps_ts_seed.270.879912815
input datafile file number=00399 name=+DATABASE/ebs/datafile/apps_ts_queues.267.879912821
input datafile file number=00019 name=+DATABASE/ebs/datafile/users.261.879913063
channel e3: starting piece 1 at 14-JUL-16
channel e4: starting compressed full datafile backup set
channel e4: specifying datafile(s) in backup set
input datafile file number=00014 name=+DATABASE/ebs/datafile/apps_ts_tx_data.302.879912579
input datafile file number=00020 name=+DATABASE/ebs/datafile/xxsrei.309.879912657
input datafile file number=00018 name=+DATABASE/ebs/datafile/sysaux.292.879912741
input datafile file number=00406 name=+DATABASE/ebs/datafile/apps_ts_tx_idx.296.879912715
input datafile file number=00021 name=+DATABASE/ebs/datafile/undotbs2.294.879912717
input datafile file number=00353 name=+DATABASE/ebs/datafile/system.291.879912743
input datafile file number=00004 name=+DATABASE/ebs/datafile/system.285.879912769
input datafile file number=00288 name=+DATABASE/ebs/datafile/system.281.879912781
input datafile file number=00354 name=+DATABASE/ebs/datafile/system.276.879912797
input datafile file number=00407 name=+DATABASE/ebs/datafile/apps_ts_seed.272.879912805
input datafile file number=00007 name=+DATABASE/ebs/datafile/owapub.265.879912825
input datafile file number=00008 name=+DATABASE/ebs/datafile/apps_ts_queues.266.879912825
input datafile file number=00010 name=+DATABASE/ebs/datafile/olap.263.879912831
channel e4: starting piece 1 at 14-JUL-16
channel e3: finished piece 1 at 14-JUL-16
piece handle=/newdump/rmanbackup/EBS/BackupEBS_DB_ukramv73_7124_1_20160714.bkp tag=FULL_EBS_BACKUP comment=NONE
channel e3: backup set complete, elapsed time: 01:05:17
channel e4: finished piece 1 at 14-JUL-16
piece handle=/newdump/rmanbackup/EBS/BackupEBS_DB_ulramv73_7125_1_20160714.bkp tag=FULL_EBS_BACKUP comment=NONE
channel e4: backup set complete, elapsed time: 01:22:06
channel e2: finished piece 1 at 14-JUL-16
piece handle=/newdump/rmanbackup/EBS/BackupEBS_DB_ujramv72_7123_1_20160714.bkp tag=FULL_EBS_BACKUP comment=NONE
channel e2: backup set complete, elapsed time: 01:36:47
channel e1: finished piece 1 at 14-JUL-16
piece handle=/newdump/rmanbackup/EBS/BackupEBS_DB_uiramv72_7122_1_20160714.bkp tag=FULL_EBS_BACKUP comment=NONE
channel e1: backup set complete, elapsed time: 02:28:59
Finished backup at 14-JUL-16

Starting backup at 14-JUL-16
current log archived
channel e1: starting compressed archived log backup set
channel e1: specifying archived log(s) in backup set
input archived log thread=1 sequence=3403 RECID=8617 STAMP=917217232
channel e1: starting piece 1 at 14-JUL-16
channel e2: starting compressed archived log backup set
channel e2: specifying archived log(s) in backup set
input archived log thread=2 sequence=5209 RECID=8616 STAMP=917217231
channel e2: starting piece 1 at 14-JUL-16
channel e1: finished piece 1 at 14-JUL-16
piece handle=/newdump/rmanbackup/EBS/BackupEBS_DB_umran7uj_7126_1_20160714.bkp tag=FULL_EBS_BACKUP comment=NONE
channel e1: backup set complete, elapsed time: 00:00:07
channel e1: deleting archived log(s)
archived log file name=+ARCHIVELOG/ebs/archivelog/2016_07_14/thread_1_seq_3403.360.917217231 RECID=8617 STAMP=917217232
channel e2: finished piece 1 at 14-JUL-16
piece handle=/newdump/rmanbackup/EBS/BackupEBS_DB_unran7uj_7127_1_20160714.bkp tag=FULL_EBS_BACKUP comment=NONE
channel e2: backup set complete, elapsed time: 00:00:15
channel e2: deleting archived log(s)
archived log file name=+ARCHIVELOG/ebs/archivelog/2016_07_14/thread_2_seq_5209.362.917217229 RECID=8616 STAMP=917217231
Finished backup at 14-JUL-16

Starting backup at 14-JUL-16
channel e1: starting full datafile backup set
channel e1: specifying datafile(s) in backup set
including current control file in backup set
channel e1: starting piece 1 at 14-JUL-16
channel e1: finished piece 1 at 14-JUL-16
piece handle=/newdump/rmanbackup/EBS/controlfile_uoran7v2_1_1_14.bkp tag=TAG20160714T223410 comment=NONE
channel e1: backup set complete, elapsed time: 00:00:03
Finished backup at 14-JUL-16

Starting backup at 14-JUL-16
channel e1: starting full datafile backup set
channel e1: specifying datafile(s) in backup set
including current SPFILE in backup set
channel e1: starting piece 1 at 14-JUL-16
channel e1: finished piece 1 at 14-JUL-16
piece handle=/newdump/rmanbackup/EBS/spfile_upran7v9_1_1_14.bkp tag=TAG20160714T223417 comment=NONE
channel e1: backup set complete, elapsed time: 00:00:01
Finished backup at 14-JUL-16

Starting Control File and SPFILE Autobackup at 14-JUL-16
piece handle=+ARCHIVELOG/ebs/autobackup/2016_07_14/s_917217258.362.917217261 comment=NONE
Finished Control File and SPFILE Autobackup at 14-JUL-16

specification does not match any archived log in the repository
released channel: e1
released channel: e2
released channel: e3
released channel: e4

RMAN> 

Recovery Manager complete.
