
Recovery Manager: Release 11.2.0.2.0 - Production on Tue Jul 12 20:04:01 2016

Copyright (c) 1982, 2009, Oracle and/or its affiliates.  All rights reserved.

ORACLE_HOME = /u01/rac/oracle_base/db/tech_st/11.2.0/
System name:	Linux
Node name:	sreikolebz2.srei.com
Release:	2.6.39-400.247.1.el5uek
Version:	#1 SMP Thu Feb 5 15:53:28 PST 2015
Machine:	x86_64

Starting with debugging turned off

connected to target database: EBS (DBID=2012991160)

RMAN> 
RMAN> 2> 3> 4> 5> 6> 7> 8> 9> 10> 11> 12> 13> 14> 15> 16> 
using target database control file instead of recovery catalog
allocated channel: e1
channel e1: SID=1710 instance=EBS2 device type=DISK

allocated channel: e2
channel e2: SID=1926 instance=EBS2 device type=DISK

allocated channel: e3
channel e3: SID=434 instance=EBS2 device type=DISK

allocated channel: e4
channel e4: SID=650 instance=EBS2 device type=DISK

RMAN retention policy will be applied to the command
RMAN retention policy is set to recovery window of 3 days
Deleting the following obsolete backups and copies:
Type                 Key    Completion Time    Filename/Handle
-------------------- ------ ------------------ --------------------
Backup Set           6823   08-JUL-16         
  Backup Piece       6823   08-JUL-16          +ARCHIVELOG/ebs/autobackup/2016_07_08/s_916698563.369.916698565
deleted backup piece
backup piece handle=+ARCHIVELOG/ebs/autobackup/2016_07_08/s_916698563.369.916698565 RECID=6823 STAMP=916698565
Deleted 1 objects


specification does not match any archived log in the repository

specification does not match any archived log in the repository

specification does not match any archived log in the repository

sql statement: alter system archive log current


Starting backup at 12-JUL-16
current log archived
channel e1: starting compressed archived log backup set
channel e1: specifying archived log(s) in backup set
input archived log thread=2 sequence=5197 RECID=8590 STAMP=917035458
channel e1: starting piece 1 at 12-JUL-16
channel e2: starting compressed archived log backup set
channel e2: specifying archived log(s) in backup set
input archived log thread=1 sequence=3389 RECID=8591 STAMP=917035463
channel e2: starting piece 1 at 12-JUL-16
channel e3: starting compressed archived log backup set
channel e3: specifying archived log(s) in backup set
input archived log thread=2 sequence=5198 RECID=8593 STAMP=917035467
channel e3: starting piece 1 at 12-JUL-16
channel e4: starting compressed archived log backup set
channel e4: specifying archived log(s) in backup set
input archived log thread=1 sequence=3390 RECID=8592 STAMP=917035465
channel e4: starting piece 1 at 12-JUL-16
channel e3: finished piece 1 at 12-JUL-16
piece handle=/newdump/rmanbackup/EBS/BackupEBS_DB_tarahmej_7082_1_20160712.bkp tag=FULL_EBS_BACKUP comment=NONE
channel e3: backup set complete, elapsed time: 00:00:01
channel e3: deleting archived log(s)
archived log file name=+ARCHIVELOG/ebs/archivelog/2016_07_12/thread_2_seq_5198.367.917035467 RECID=8593 STAMP=917035467
channel e4: finished piece 1 at 12-JUL-16
piece handle=/newdump/rmanbackup/EBS/BackupEBS_DB_tbrahmej_7083_1_20160712.bkp tag=FULL_EBS_BACKUP comment=NONE
channel e4: backup set complete, elapsed time: 00:00:01
channel e4: deleting archived log(s)
archived log file name=+ARCHIVELOG/ebs/archivelog/2016_07_12/thread_1_seq_3390.263.917035465 RECID=8592 STAMP=917035465
channel e1: finished piece 1 at 12-JUL-16
piece handle=/newdump/rmanbackup/EBS/BackupEBS_DB_t8rahmei_7080_1_20160712.bkp tag=FULL_EBS_BACKUP comment=NONE
channel e1: backup set complete, elapsed time: 00:00:25
channel e1: deleting archived log(s)
archived log file name=+ARCHIVELOG/ebs/archivelog/2016_07_12/thread_2_seq_5197.369.917035455 RECID=8590 STAMP=917035458
channel e2: finished piece 1 at 12-JUL-16
piece handle=/newdump/rmanbackup/EBS/BackupEBS_DB_t9rahmej_7081_1_20160712.bkp tag=FULL_EBS_BACKUP comment=NONE
channel e2: backup set complete, elapsed time: 00:00:45
channel e2: deleting archived log(s)
archived log file name=+ARCHIVELOG/ebs/archivelog/2016_07_12/thread_1_seq_3389.359.917035457 RECID=8591 STAMP=917035463
Finished backup at 12-JUL-16

Starting backup at 12-JUL-16
channel e1: starting compressed full datafile backup set
channel e1: specifying datafile(s) in backup set
input datafile file number=00400 name=+DATABASE/ebs/datafile/apps_ts_media.310.879912579
input datafile file number=00011 name=+DATABASE/ebs/datafile/sysaux.293.879912719
input datafile file number=00393 name=+DATABASE/ebs/datafile/apps_ts_tx_idx.317.879912667
input datafile file number=00405 name=+DATABASE/ebs/datafile/apps_ts_tx_idx.297.879912709
input datafile file number=00024 name=+DATABASE/ebs/datafile/apps_ts_media.290.879912753
input datafile file number=00001 name=+DATABASE/ebs/datafile/system.287.879912763
input datafile file number=00005 name=+DATABASE/ebs/datafile/system.283.879912773
input datafile file number=00295 name=+DATABASE/ebs/datafile/system.279.879912785
input datafile file number=00394 name=+DATABASE/ebs/datafile/apps_ts_seed.274.879912801
input datafile file number=00006 name=+DATABASE/ebs/datafile/ctxd.271.879912811
input datafile file number=00397 name=+DATABASE/ebs/datafile/apps_ts_nologging.269.879912817
input datafile file number=00012 name=+DATABASE/ebs/datafile/apps_ts_tools.264.879912829
input datafile file number=00027 name=+DATABASE/ebs/datafile/apps_ts_tx_data.321.903091227
channel e1: starting piece 1 at 12-JUL-16
channel e2: starting compressed full datafile backup set
channel e2: specifying datafile(s) in backup set
input datafile file number=00401 name=+DATABASE/ebs/datafile/apps_ts_tx_data.304.879912579
input datafile file number=00402 name=+DATABASE/ebs/datafile/apps_ts_tx_data.303.879912579
input datafile file number=00403 name=+DATABASE/ebs/datafile/apps_ts_tx_idx.299.879912669
input datafile file number=00025 name=+DATABASE/ebs/datafile/apps_ts_media.289.879912757
input datafile file number=00398 name=+DATABASE/ebs/datafile/apps_ts_archive.295.879912717
input datafile file number=00003 name=+DATABASE/ebs/datafile/system.286.879912767
input datafile file number=00022 name=+DATABASE/savior_01.dbf
input datafile file number=00352 name=+DATABASE/ebs/datafile/system.277.879912793
input datafile file number=00396 name=+DATABASE/ebs/datafile/apps_ts_summary.273.879912803
input datafile file number=00017 name=+DATABASE/ebs/datafile/apps_ts_interface.268.879912819
input datafile file number=00026 name=+DATABASE/ebs/datafile/ambitnight.311.882635939
input datafile file number=00009 name=+DATABASE/ebs/datafile/odm.260.879913289
input datafile file number=00314 name=+DATABASE/ebs/datafile/portal.262.879912835
channel e2: starting piece 1 at 12-JUL-16
channel e3: starting compressed full datafile backup set
channel e3: specifying datafile(s) in backup set
input datafile file number=00392 name=+DATABASE/ebs/datafile/apps_ts_tx_data.301.879912579
input datafile file number=00023 name=+DATABASE/ebs/datafile/apps_undots1.307.879912579
input datafile file number=00015 name=+DATABASE/ebs/datafile/apps_ts_tx_idx.308.879912665
input datafile file number=00404 name=+DATABASE/ebs/datafile/apps_ts_tx_idx.298.879912705
input datafile file number=00379 name=+DATABASE/ebs/datafile/apps_undots1.300.879912667
input datafile file number=00002 name=+DATABASE/ebs/datafile/system.288.879912763
input datafile file number=00013 name=+DATABASE/ebs/datafile/system.282.879912779
input datafile file number=00351 name=+DATABASE/ebs/datafile/system.278.879912787
input datafile file number=00395 name=+DATABASE/ebs/datafile/apps_ts_interface.275.879912799
input datafile file number=00016 name=+DATABASE/ebs/datafile/apps_ts_seed.270.879912815
input datafile file number=00399 name=+DATABASE/ebs/datafile/apps_ts_queues.267.879912821
input datafile file number=00019 name=+DATABASE/ebs/datafile/users.261.879913063
channel e3: starting piece 1 at 12-JUL-16
channel e4: starting compressed full datafile backup set
channel e4: specifying datafile(s) in backup set
input datafile file number=00014 name=+DATABASE/ebs/datafile/apps_ts_tx_data.302.879912579
input datafile file number=00020 name=+DATABASE/ebs/datafile/xxsrei.309.879912657
input datafile file number=00018 name=+DATABASE/ebs/datafile/sysaux.292.879912741
input datafile file number=00406 name=+DATABASE/ebs/datafile/apps_ts_tx_idx.296.879912715
input datafile file number=00021 name=+DATABASE/ebs/datafile/undotbs2.294.879912717
input datafile file number=00353 name=+DATABASE/ebs/datafile/system.291.879912743
input datafile file number=00004 name=+DATABASE/ebs/datafile/system.285.879912769
input datafile file number=00288 name=+DATABASE/ebs/datafile/system.281.879912781
input datafile file number=00354 name=+DATABASE/ebs/datafile/system.276.879912797
input datafile file number=00407 name=+DATABASE/ebs/datafile/apps_ts_seed.272.879912805
input datafile file number=00007 name=+DATABASE/ebs/datafile/owapub.265.879912825
input datafile file number=00008 name=+DATABASE/ebs/datafile/apps_ts_queues.266.879912825
input datafile file number=00010 name=+DATABASE/ebs/datafile/olap.263.879912831
channel e4: starting piece 1 at 12-JUL-16
channel e3: finished piece 1 at 12-JUL-16
piece handle=/newdump/rmanbackup/EBS/BackupEBS_DB_terahmg3_7086_1_20160712.bkp tag=FULL_EBS_BACKUP comment=NONE
channel e3: backup set complete, elapsed time: 01:04:07
channel e4: finished piece 1 at 12-JUL-16
piece handle=/newdump/rmanbackup/EBS/BackupEBS_DB_tfrahmg3_7087_1_20160712.bkp tag=FULL_EBS_BACKUP comment=NONE
channel e4: backup set complete, elapsed time: 01:21:36
channel e2: finished piece 1 at 12-JUL-16
piece handle=/newdump/rmanbackup/EBS/BackupEBS_DB_tdrahmg3_7085_1_20160712.bkp tag=FULL_EBS_BACKUP comment=NONE
channel e2: backup set complete, elapsed time: 01:36:07
channel e1: finished piece 1 at 12-JUL-16
piece handle=/newdump/rmanbackup/EBS/BackupEBS_DB_tcrahmg3_7084_1_20160712.bkp tag=FULL_EBS_BACKUP comment=NONE
channel e1: backup set complete, elapsed time: 02:29:18
Finished backup at 12-JUL-16

Starting backup at 12-JUL-16
current log archived
channel e1: starting compressed archived log backup set
channel e1: specifying archived log(s) in backup set
input archived log thread=1 sequence=3391 RECID=8595 STAMP=917044484
channel e1: starting piece 1 at 12-JUL-16
channel e2: starting compressed archived log backup set
channel e2: specifying archived log(s) in backup set
input archived log thread=2 sequence=5199 RECID=8594 STAMP=917044483
channel e2: starting piece 1 at 12-JUL-16
channel e1: finished piece 1 at 12-JUL-16
piece handle=/newdump/rmanbackup/EBS/BackupEBS_DB_tgrahv88_7088_1_20160712.bkp tag=FULL_EBS_BACKUP comment=NONE
channel e1: backup set complete, elapsed time: 00:00:03
channel e1: deleting archived log(s)
archived log file name=+ARCHIVELOG/ebs/archivelog/2016_07_12/thread_1_seq_3391.369.917044485 RECID=8595 STAMP=917044484
channel e2: finished piece 1 at 12-JUL-16
piece handle=/newdump/rmanbackup/EBS/BackupEBS_DB_thrahv88_7089_1_20160712.bkp tag=FULL_EBS_BACKUP comment=NONE
channel e2: backup set complete, elapsed time: 00:00:15
channel e2: deleting archived log(s)
archived log file name=+ARCHIVELOG/ebs/archivelog/2016_07_12/thread_2_seq_5199.359.917044481 RECID=8594 STAMP=917044483
Finished backup at 12-JUL-16

Starting backup at 12-JUL-16
channel e1: starting full datafile backup set
channel e1: specifying datafile(s) in backup set
including current control file in backup set
channel e1: starting piece 1 at 12-JUL-16
channel e1: finished piece 1 at 12-JUL-16
piece handle=/newdump/rmanbackup/EBS/controlfile_tirahv8o_1_1_12.bkp tag=TAG20160712T223504 comment=NONE
channel e1: backup set complete, elapsed time: 00:00:03
Finished backup at 12-JUL-16

Starting backup at 12-JUL-16
channel e1: starting full datafile backup set
channel e1: specifying datafile(s) in backup set
including current SPFILE in backup set
channel e1: starting piece 1 at 12-JUL-16
channel e1: finished piece 1 at 12-JUL-16
piece handle=/newdump/rmanbackup/EBS/spfile_tjrahv8v_1_1_12.bkp tag=TAG20160712T223511 comment=NONE
channel e1: backup set complete, elapsed time: 00:00:01
Finished backup at 12-JUL-16

Starting Control File and SPFILE Autobackup at 12-JUL-16
piece handle=+ARCHIVELOG/ebs/autobackup/2016_07_12/s_917044512.359.917044515 comment=NONE
Finished Control File and SPFILE Autobackup at 12-JUL-16

specification does not match any archived log in the repository
released channel: e1
released channel: e2
released channel: e3
released channel: e4

RMAN> 

Recovery Manager complete.
