
Recovery Manager: Release 11.2.0.2.0 - Production on Fri Jul 8 20:03:13 2016

Copyright (c) 1982, 2009, Oracle and/or its affiliates.  All rights reserved.

ORACLE_HOME = /u01/rac/oracle_base/db/tech_st/11.2.0/
System name:	Linux
Node name:	sreikolebz2.srei.com
Release:	2.6.39-400.247.1.el5uek
Version:	#1 SMP Thu Feb 5 15:53:28 PST 2015
Machine:	x86_64

Starting with debugging turned off

connected to target database: EBS (DBID=2012991160)

RMAN> 
RMAN> 2> 3> 4> 5> 6> 7> 8> 9> 10> 11> 12> 13> 14> 15> 16> 
using target database control file instead of recovery catalog
allocated channel: e1
channel e1: SID=658 instance=EBS2 device type=DISK

allocated channel: e2
channel e2: SID=862 instance=EBS2 device type=DISK

allocated channel: e3
channel e3: SID=1078 instance=EBS2 device type=DISK

allocated channel: e4
channel e4: SID=1289 instance=EBS2 device type=DISK

RMAN retention policy will be applied to the command
RMAN retention policy is set to recovery window of 3 days
Deleting the following obsolete backups and copies:
Type                 Key    Completion Time    Filename/Handle
-------------------- ------ ------------------ --------------------
Backup Set           6756   04-JUL-16         
  Backup Piece       6756   04-JUL-16          +ARCHIVELOG/ebs/autobackup/2016_07_04/s_916353250.376.916353253
deleted backup piece
backup piece handle=+ARCHIVELOG/ebs/autobackup/2016_07_04/s_916353250.376.916353253 RECID=6756 STAMP=916353253
Deleted 1 objects


specification does not match any archived log in the repository

specification does not match any archived log in the repository

specification does not match any archived log in the repository

sql statement: alter system archive log current


Starting backup at 08-JUL-16
current log archived
channel e1: starting compressed archived log backup set
channel e1: specifying archived log(s) in backup set
input archived log thread=1 sequence=3365 RECID=8540 STAMP=916689821
channel e1: starting piece 1 at 08-JUL-16
channel e2: starting compressed archived log backup set
channel e2: specifying archived log(s) in backup set
input archived log thread=2 sequence=5170 RECID=8539 STAMP=916689812
channel e2: starting piece 1 at 08-JUL-16
channel e3: starting compressed archived log backup set
channel e3: specifying archived log(s) in backup set
input archived log thread=2 sequence=5171 RECID=8542 STAMP=916689827
channel e3: starting piece 1 at 08-JUL-16
channel e4: starting compressed archived log backup set
channel e4: specifying archived log(s) in backup set
input archived log thread=1 sequence=3366 RECID=8541 STAMP=916689823
channel e4: starting piece 1 at 08-JUL-16
channel e3: finished piece 1 at 08-JUL-16
piece handle=/newdump/rmanbackup/EBS/BackupEBS_DB_qura74t9_7006_1_20160708.bkp tag=FULL_EBS_BACKUP comment=NONE
channel e3: backup set complete, elapsed time: 00:00:01
channel e3: deleting archived log(s)
archived log file name=+ARCHIVELOG/ebs/archivelog/2016_07_08/thread_2_seq_5171.312.916689827 RECID=8542 STAMP=916689827
channel e4: finished piece 1 at 08-JUL-16
piece handle=/newdump/rmanbackup/EBS/BackupEBS_DB_qvra74t9_7007_1_20160708.bkp tag=FULL_EBS_BACKUP comment=NONE
channel e4: backup set complete, elapsed time: 00:00:01
channel e4: deleting archived log(s)
archived log file name=+ARCHIVELOG/ebs/archivelog/2016_07_08/thread_1_seq_3366.348.916689823 RECID=8541 STAMP=916689823
channel e2: finished piece 1 at 08-JUL-16
piece handle=/newdump/rmanbackup/EBS/BackupEBS_DB_qtra74t9_7005_1_20160708.bkp tag=FULL_EBS_BACKUP comment=NONE
channel e2: backup set complete, elapsed time: 00:00:26
channel e2: deleting archived log(s)
archived log file name=+ARCHIVELOG/ebs/archivelog/2016_07_08/thread_2_seq_5170.376.916689809 RECID=8539 STAMP=916689812
channel e1: finished piece 1 at 08-JUL-16
piece handle=/newdump/rmanbackup/EBS/BackupEBS_DB_qsra74t9_7004_1_20160708.bkp tag=FULL_EBS_BACKUP comment=NONE
channel e1: backup set complete, elapsed time: 00:00:46
channel e1: deleting archived log(s)
archived log file name=+ARCHIVELOG/ebs/archivelog/2016_07_08/thread_1_seq_3365.369.916689811 RECID=8540 STAMP=916689821
Finished backup at 08-JUL-16

Starting backup at 08-JUL-16
channel e1: starting compressed full datafile backup set
channel e1: specifying datafile(s) in backup set
input datafile file number=00400 name=+DATABASE/ebs/datafile/apps_ts_media.310.879912579
input datafile file number=00011 name=+DATABASE/ebs/datafile/sysaux.293.879912719
input datafile file number=00393 name=+DATABASE/ebs/datafile/apps_ts_tx_idx.317.879912667
input datafile file number=00405 name=+DATABASE/ebs/datafile/apps_ts_tx_idx.297.879912709
input datafile file number=00024 name=+DATABASE/ebs/datafile/apps_ts_media.290.879912753
input datafile file number=00001 name=+DATABASE/ebs/datafile/system.287.879912763
input datafile file number=00005 name=+DATABASE/ebs/datafile/system.283.879912773
input datafile file number=00295 name=+DATABASE/ebs/datafile/system.279.879912785
input datafile file number=00394 name=+DATABASE/ebs/datafile/apps_ts_seed.274.879912801
input datafile file number=00006 name=+DATABASE/ebs/datafile/ctxd.271.879912811
input datafile file number=00397 name=+DATABASE/ebs/datafile/apps_ts_nologging.269.879912817
input datafile file number=00010 name=+DATABASE/ebs/datafile/olap.263.879912831
input datafile file number=00027 name=+DATABASE/ebs/datafile/apps_ts_tx_data.321.903091227
channel e1: starting piece 1 at 08-JUL-16
channel e2: starting compressed full datafile backup set
channel e2: specifying datafile(s) in backup set
input datafile file number=00014 name=+DATABASE/ebs/datafile/apps_ts_tx_data.302.879912579
input datafile file number=00020 name=+DATABASE/ebs/datafile/xxsrei.309.879912657
input datafile file number=00018 name=+DATABASE/ebs/datafile/sysaux.292.879912741
input datafile file number=00406 name=+DATABASE/ebs/datafile/apps_ts_tx_idx.296.879912715
input datafile file number=00021 name=+DATABASE/ebs/datafile/undotbs2.294.879912717
input datafile file number=00353 name=+DATABASE/ebs/datafile/system.291.879912743
input datafile file number=00004 name=+DATABASE/ebs/datafile/system.285.879912769
input datafile file number=00288 name=+DATABASE/ebs/datafile/system.281.879912781
input datafile file number=00354 name=+DATABASE/ebs/datafile/system.276.879912797
input datafile file number=00407 name=+DATABASE/ebs/datafile/apps_ts_seed.272.879912805
input datafile file number=00026 name=+DATABASE/ebs/datafile/ambitnight.311.882635939
input datafile file number=00009 name=+DATABASE/ebs/datafile/odm.260.879913289
input datafile file number=00314 name=+DATABASE/ebs/datafile/portal.262.879912835
channel e2: starting piece 1 at 08-JUL-16
channel e3: starting compressed full datafile backup set
channel e3: specifying datafile(s) in backup set
input datafile file number=00392 name=+DATABASE/ebs/datafile/apps_ts_tx_data.301.879912579
input datafile file number=00023 name=+DATABASE/ebs/datafile/apps_undots1.307.879912579
input datafile file number=00015 name=+DATABASE/ebs/datafile/apps_ts_tx_idx.308.879912665
input datafile file number=00404 name=+DATABASE/ebs/datafile/apps_ts_tx_idx.298.879912705
input datafile file number=00379 name=+DATABASE/ebs/datafile/apps_undots1.300.879912667
input datafile file number=00002 name=+DATABASE/ebs/datafile/system.288.879912763
input datafile file number=00013 name=+DATABASE/ebs/datafile/system.282.879912779
input datafile file number=00351 name=+DATABASE/ebs/datafile/system.278.879912787
input datafile file number=00395 name=+DATABASE/ebs/datafile/apps_ts_interface.275.879912799
input datafile file number=00016 name=+DATABASE/ebs/datafile/apps_ts_seed.270.879912815
input datafile file number=00399 name=+DATABASE/ebs/datafile/apps_ts_queues.267.879912821
input datafile file number=00019 name=+DATABASE/ebs/datafile/users.261.879913063
channel e3: starting piece 1 at 08-JUL-16
channel e4: starting compressed full datafile backup set
channel e4: specifying datafile(s) in backup set
input datafile file number=00401 name=+DATABASE/ebs/datafile/apps_ts_tx_data.304.879912579
input datafile file number=00402 name=+DATABASE/ebs/datafile/apps_ts_tx_data.303.879912579
input datafile file number=00403 name=+DATABASE/ebs/datafile/apps_ts_tx_idx.299.879912669
input datafile file number=00025 name=+DATABASE/ebs/datafile/apps_ts_media.289.879912757
input datafile file number=00398 name=+DATABASE/ebs/datafile/apps_ts_archive.295.879912717
input datafile file number=00003 name=+DATABASE/ebs/datafile/system.286.879912767
input datafile file number=00022 name=+DATABASE/savior_01.dbf
input datafile file number=00352 name=+DATABASE/ebs/datafile/system.277.879912793
input datafile file number=00396 name=+DATABASE/ebs/datafile/apps_ts_summary.273.879912803
input datafile file number=00017 name=+DATABASE/ebs/datafile/apps_ts_interface.268.879912819
input datafile file number=00007 name=+DATABASE/ebs/datafile/owapub.265.879912825
input datafile file number=00008 name=+DATABASE/ebs/datafile/apps_ts_queues.266.879912825
input datafile file number=00012 name=+DATABASE/ebs/datafile/apps_ts_tools.264.879912829
channel e4: starting piece 1 at 08-JUL-16
channel e3: finished piece 1 at 08-JUL-16
piece handle=/newdump/rmanbackup/EBS/BackupEBS_DB_r2ra74ur_7010_1_20160708.bkp tag=FULL_EBS_BACKUP comment=NONE
channel e3: backup set complete, elapsed time: 00:54:47
channel e2: finished piece 1 at 08-JUL-16
piece handle=/newdump/rmanbackup/EBS/BackupEBS_DB_r1ra74ur_7009_1_20160708.bkp tag=FULL_EBS_BACKUP comment=NONE
channel e2: backup set complete, elapsed time: 01:10:27
channel e4: finished piece 1 at 08-JUL-16
piece handle=/newdump/rmanbackup/EBS/BackupEBS_DB_r3ra74us_7011_1_20160708.bkp tag=FULL_EBS_BACKUP comment=NONE
channel e4: backup set complete, elapsed time: 01:30:57
channel e1: finished piece 1 at 08-JUL-16
piece handle=/newdump/rmanbackup/EBS/BackupEBS_DB_r0ra74ur_7008_1_20160708.bkp tag=FULL_EBS_BACKUP comment=NONE
channel e1: backup set complete, elapsed time: 02:24:18
Finished backup at 08-JUL-16

Starting backup at 08-JUL-16
current log archived
channel e1: starting compressed archived log backup set
channel e1: specifying archived log(s) in backup set
input archived log thread=1 sequence=3367 RECID=8544 STAMP=916698544
channel e1: starting piece 1 at 08-JUL-16
channel e2: starting compressed archived log backup set
channel e2: specifying archived log(s) in backup set
input archived log thread=2 sequence=5172 RECID=8543 STAMP=916698542
channel e2: starting piece 1 at 08-JUL-16
channel e1: finished piece 1 at 08-JUL-16
piece handle=/newdump/rmanbackup/EBS/BackupEBS_DB_r4ra7ddj_7012_1_20160708.bkp tag=FULL_EBS_BACKUP comment=NONE
channel e1: backup set complete, elapsed time: 00:00:07
channel e1: deleting archived log(s)
archived log file name=+ARCHIVELOG/ebs/archivelog/2016_07_08/thread_1_seq_3367.376.916698543 RECID=8544 STAMP=916698544
channel e2: finished piece 1 at 08-JUL-16
piece handle=/newdump/rmanbackup/EBS/BackupEBS_DB_r5ra7ddj_7013_1_20160708.bkp tag=FULL_EBS_BACKUP comment=NONE
channel e2: backup set complete, elapsed time: 00:00:07
channel e2: deleting archived log(s)
archived log file name=+ARCHIVELOG/ebs/archivelog/2016_07_08/thread_2_seq_5172.369.916698541 RECID=8543 STAMP=916698542
Finished backup at 08-JUL-16

Starting backup at 08-JUL-16
channel e1: starting full datafile backup set
channel e1: specifying datafile(s) in backup set
including current control file in backup set
channel e1: starting piece 1 at 08-JUL-16
channel e1: finished piece 1 at 08-JUL-16
piece handle=/newdump/rmanbackup/EBS/controlfile_r6ra7ddr_1_1_08.bkp tag=TAG20160708T222915 comment=NONE
channel e1: backup set complete, elapsed time: 00:00:03
Finished backup at 08-JUL-16

Starting backup at 08-JUL-16
channel e1: starting full datafile backup set
channel e1: specifying datafile(s) in backup set
including current SPFILE in backup set
channel e1: starting piece 1 at 08-JUL-16
channel e1: finished piece 1 at 08-JUL-16
piece handle=/newdump/rmanbackup/EBS/spfile_r7ra7de2_1_1_08.bkp tag=TAG20160708T222921 comment=NONE
channel e1: backup set complete, elapsed time: 00:00:01
Finished backup at 08-JUL-16

Starting Control File and SPFILE Autobackup at 08-JUL-16
piece handle=+ARCHIVELOG/ebs/autobackup/2016_07_08/s_916698563.369.916698565 comment=NONE
Finished Control File and SPFILE Autobackup at 08-JUL-16

specification does not match any archived log in the repository
released channel: e1
released channel: e2
released channel: e3
released channel: e4

RMAN> 

Recovery Manager complete.
