
Recovery Manager: Release 11.2.0.4.0 - Production on Thu Jun 9 20:05:52 2016

Copyright (c) 1982, 2011, Oracle and/or its affiliates.  All rights reserved.

ORACLE_HOME = /u01/rac/product/11.2.0/dbhome_1
System name:	Linux
Node name:	sreikolsefl1.srei.com
Release:	2.6.39-400.247.1.el5uek
Version:	#1 SMP Thu Feb 5 15:53:28 PST 2015
Machine:	x86_64

Starting with debugging turned off

connected to target database: SP01 (DBID=1526771045)

RMAN> 
RMAN> 2> 3> 4> 5> 6> 7> 8> 9> 10> 11> 12> 13> 14> 15> 
using target database control file instead of recovery catalog
allocated channel: e1
channel e1: SID=583 instance=sp011 device type=DISK

allocated channel: e2
channel e2: SID=5 instance=sp011 device type=DISK

allocated channel: e3
channel e3: SID=166 instance=sp011 device type=DISK

allocated channel: e4
channel e4: SID=16 instance=sp011 device type=DISK

RMAN retention policy will be applied to the command
RMAN retention policy is set to redundancy 1
no obsolete backups found

specification does not match any archived log in the repository


validation succeeded for archived log
archived log file name=+LOGARCH/sp01/archivelog/2016_06_09/thread_1_seq_184.284.914090929 RECID=493 STAMP=914090929
validation succeeded for archived log
archived log file name=+LOGARCH/sp01/archivelog/2016_06_09/thread_1_seq_185.295.914092967 RECID=497 STAMP=914092968
validation succeeded for archived log
archived log file name=+LOGARCH/sp01/archivelog/2016_06_09/thread_1_seq_186.308.914093595 RECID=499 STAMP=914093594
validation succeeded for archived log
archived log file name=+LOGARCH/sp01/archivelog/2016_06_09/thread_1_seq_187.275.914094495 RECID=503 STAMP=914094495
validation succeeded for archived log
archived log file name=+LOGARCH/sp01/archivelog/2016_06_09/thread_1_seq_188.278.914095969 RECID=505 STAMP=914095968
validation succeeded for archived log
archived log file name=+LOGARCH/sp01/archivelog/2016_06_09/thread_1_seq_189.327.914097613 RECID=509 STAMP=914097614
validation succeeded for archived log
archived log file name=+LOGARCH/sp01/archivelog/2016_06_09/thread_2_seq_309.376.914090823 RECID=492 STAMP=914090823
validation succeeded for archived log
archived log file name=+LOGARCH/sp01/archivelog/2016_06_09/thread_2_seq_310.297.914091381 RECID=494 STAMP=914091381
validation succeeded for archived log
archived log file name=+LOGARCH/sp01/archivelog/2016_06_09/thread_2_seq_311.259.914092021 RECID=495 STAMP=914092020
validation succeeded for archived log
archived log file name=+LOGARCH/sp01/archivelog/2016_06_09/thread_2_seq_312.272.914092965 RECID=496 STAMP=914092966
validation succeeded for archived log
archived log file name=+LOGARCH/sp01/archivelog/2016_06_09/thread_2_seq_313.403.914093429 RECID=498 STAMP=914093428
validation succeeded for archived log
archived log file name=+LOGARCH/sp01/archivelog/2016_06_09/thread_2_seq_314.302.914093947 RECID=500 STAMP=914093947
validation succeeded for archived log
archived log file name=+LOGARCH/sp01/archivelog/2016_06_09/thread_2_seq_315.304.914094191 RECID=501 STAMP=914094190
validation succeeded for archived log
archived log file name=+LOGARCH/sp01/archivelog/2016_06_09/thread_2_seq_316.412.914094493 RECID=502 STAMP=914094493
validation succeeded for archived log
archived log file name=+LOGARCH/sp01/archivelog/2016_06_09/thread_2_seq_317.266.914095343 RECID=504 STAMP=914095343
validation succeeded for archived log
archived log file name=+LOGARCH/sp01/archivelog/2016_06_09/thread_2_seq_318.398.914096069 RECID=506 STAMP=914096069
validation succeeded for archived log
archived log file name=+LOGARCH/sp01/archivelog/2016_06_09/thread_2_seq_319.410.914097365 RECID=507 STAMP=914097366
validation succeeded for archived log
archived log file name=+LOGARCH/sp01/archivelog/2016_06_09/thread_2_seq_320.269.914097613 RECID=508 STAMP=914097612
Crosschecked 18 objects



Starting backup at 09-JUN-16
current log archived
channel e1: starting compressed archived log backup set
channel e1: specifying archived log(s) in backup set
input archived log thread=2 sequence=309 RECID=492 STAMP=914090823
input archived log thread=1 sequence=184 RECID=493 STAMP=914090929
input archived log thread=2 sequence=310 RECID=494 STAMP=914091381
input archived log thread=1 sequence=185 RECID=497 STAMP=914092968
channel e1: starting piece 1 at 09-JUN-16
channel e2: starting compressed archived log backup set
channel e2: specifying archived log(s) in backup set
input archived log thread=2 sequence=311 RECID=495 STAMP=914092020
input archived log thread=2 sequence=312 RECID=496 STAMP=914092966
input archived log thread=2 sequence=313 RECID=498 STAMP=914093428
input archived log thread=1 sequence=186 RECID=499 STAMP=914093594
input archived log thread=2 sequence=314 RECID=500 STAMP=914093947
channel e2: starting piece 1 at 09-JUN-16
channel e3: starting compressed archived log backup set
channel e3: specifying archived log(s) in backup set
input archived log thread=1 sequence=187 RECID=503 STAMP=914094495
input archived log thread=2 sequence=315 RECID=501 STAMP=914094190
input archived log thread=2 sequence=316 RECID=502 STAMP=914094493
input archived log thread=2 sequence=317 RECID=504 STAMP=914095343
input archived log thread=1 sequence=188 RECID=505 STAMP=914095968
channel e3: starting piece 1 at 09-JUN-16
channel e4: starting compressed archived log backup set
channel e4: specifying archived log(s) in backup set
input archived log thread=2 sequence=318 RECID=506 STAMP=914096069
input archived log thread=1 sequence=189 RECID=509 STAMP=914097614
input archived log thread=2 sequence=319 RECID=507 STAMP=914097366
input archived log thread=2 sequence=320 RECID=508 STAMP=914097612
input archived log thread=2 sequence=321 RECID=511 STAMP=914097963
channel e4: starting piece 1 at 09-JUN-16
channel e2: finished piece 1 at 09-JUN-16
piece handle=/newdump/filesystems/SP01/rmanbackup/BackupSP01_DB_36r7o1pc_102_1_20160609.bkp tag=FULL_SP01_BACKUP comment=NONE
channel e2: backup set complete, elapsed time: 00:00:16
channel e2: deleting archived log(s)
archived log file name=+LOGARCH/sp01/archivelog/2016_06_09/thread_2_seq_311.259.914092021 RECID=495 STAMP=914092020
archived log file name=+LOGARCH/sp01/archivelog/2016_06_09/thread_2_seq_312.272.914092965 RECID=496 STAMP=914092966
archived log file name=+LOGARCH/sp01/archivelog/2016_06_09/thread_2_seq_313.403.914093429 RECID=498 STAMP=914093428
archived log file name=+LOGARCH/sp01/archivelog/2016_06_09/thread_1_seq_186.308.914093595 RECID=499 STAMP=914093594
archived log file name=+LOGARCH/sp01/archivelog/2016_06_09/thread_2_seq_314.302.914093947 RECID=500 STAMP=914093947
channel e2: starting compressed archived log backup set
channel e2: specifying archived log(s) in backup set
input archived log thread=1 sequence=190 RECID=510 STAMP=914097961
channel e2: starting piece 1 at 09-JUN-16
channel e3: finished piece 1 at 09-JUN-16
piece handle=/newdump/filesystems/SP01/rmanbackup/BackupSP01_DB_37r7o1pc_103_1_20160609.bkp tag=FULL_SP01_BACKUP comment=NONE
channel e3: backup set complete, elapsed time: 00:00:15
channel e3: deleting archived log(s)
archived log file name=+LOGARCH/sp01/archivelog/2016_06_09/thread_1_seq_187.275.914094495 RECID=503 STAMP=914094495
archived log file name=+LOGARCH/sp01/archivelog/2016_06_09/thread_2_seq_315.304.914094191 RECID=501 STAMP=914094190
archived log file name=+LOGARCH/sp01/archivelog/2016_06_09/thread_2_seq_316.412.914094493 RECID=502 STAMP=914094493
archived log file name=+LOGARCH/sp01/archivelog/2016_06_09/thread_2_seq_317.266.914095343 RECID=504 STAMP=914095343
archived log file name=+LOGARCH/sp01/archivelog/2016_06_09/thread_1_seq_188.278.914095969 RECID=505 STAMP=914095968
channel e4: finished piece 1 at 09-JUN-16
piece handle=/newdump/filesystems/SP01/rmanbackup/BackupSP01_DB_38r7o1pd_104_1_20160609.bkp tag=FULL_SP01_BACKUP comment=NONE
channel e4: backup set complete, elapsed time: 00:00:15
channel e4: deleting archived log(s)
archived log file name=+LOGARCH/sp01/archivelog/2016_06_09/thread_2_seq_318.398.914096069 RECID=506 STAMP=914096069
archived log file name=+LOGARCH/sp01/archivelog/2016_06_09/thread_1_seq_189.327.914097613 RECID=509 STAMP=914097614
archived log file name=+LOGARCH/sp01/archivelog/2016_06_09/thread_2_seq_319.410.914097365 RECID=507 STAMP=914097366
archived log file name=+LOGARCH/sp01/archivelog/2016_06_09/thread_2_seq_320.269.914097613 RECID=508 STAMP=914097612
archived log file name=+LOGARCH/sp01/archivelog/2016_06_09/thread_2_seq_321.331.914097963 RECID=511 STAMP=914097963
channel e2: finished piece 1 at 09-JUN-16
piece handle=/newdump/filesystems/SP01/rmanbackup/BackupSP01_DB_39r7o1ps_105_1_20160609.bkp tag=FULL_SP01_BACKUP comment=NONE
channel e2: backup set complete, elapsed time: 00:00:01
channel e2: deleting archived log(s)
archived log file name=+LOGARCH/sp01/archivelog/2016_06_09/thread_1_seq_190.315.914097961 RECID=510 STAMP=914097961
channel e1: finished piece 1 at 09-JUN-16
piece handle=/newdump/filesystems/SP01/rmanbackup/BackupSP01_DB_35r7o1pc_101_1_20160609.bkp tag=FULL_SP01_BACKUP comment=NONE
channel e1: backup set complete, elapsed time: 00:00:24
channel e1: deleting archived log(s)
archived log file name=+LOGARCH/sp01/archivelog/2016_06_09/thread_2_seq_309.376.914090823 RECID=492 STAMP=914090823
archived log file name=+LOGARCH/sp01/archivelog/2016_06_09/thread_1_seq_184.284.914090929 RECID=493 STAMP=914090929
archived log file name=+LOGARCH/sp01/archivelog/2016_06_09/thread_2_seq_310.297.914091381 RECID=494 STAMP=914091381
archived log file name=+LOGARCH/sp01/archivelog/2016_06_09/thread_1_seq_185.295.914092967 RECID=497 STAMP=914092968
Finished backup at 09-JUN-16

Starting backup at 09-JUN-16
channel e1: starting compressed full datafile backup set
channel e1: specifying datafile(s) in backup set
input datafile file number=00003 name=+SEFLDATA/sp01/datafile/sefpllive_02.dbf
input datafile file number=00016 name=+LOGARCH/sp01/datafile/sefpllive_09.dbf
input datafile file number=00007 name=+SEFLDATA/sp01/datafile/undotbs03.dbf
input datafile file number=00005 name=+SEFLDATA/sp01/datafile/users.279.913866861
input datafile file number=00014 name=+SEFLDATA/sp01/datafile/sefpllive_07.dbf
channel e1: starting piece 1 at 09-JUN-16
channel e2: starting compressed full datafile backup set
channel e2: specifying datafile(s) in backup set
input datafile file number=00012 name=+LOGARCH/sp01/datafile/sefpllive_05.dbf
input datafile file number=00006 name=+SEFLDATA/sp01/datafile/sefpllive_01.dbf
input datafile file number=00008 name=+SEFLDATA/sp01/datafile/sefpllivereports_01.dbf
input datafile file number=00001 name=+SEFLDATA/sp01/datafile/system.262.913866833
channel e2: starting piece 1 at 09-JUN-16
channel e3: starting compressed full datafile backup set
channel e3: specifying datafile(s) in backup set
input datafile file number=00013 name=+LOGARCH/sp01/datafile/sefpllive_06.dbf
input datafile file number=00015 name=+LOGARCH/sp01/datafile/sefpllive_08.dbf
input datafile file number=00010 name=+SEFLDATA/sp01/datafile/undotbs04.dbf
channel e3: starting piece 1 at 09-JUN-16
channel e4: starting compressed full datafile backup set
channel e4: specifying datafile(s) in backup set
input datafile file number=00011 name=+LOGARCH/sp01/datafile/sefpllive_04.dbf
input datafile file number=00004 name=+SEFLDATA/sp01/datafile/sefpllive_03.dbf
input datafile file number=00009 name=+SEFLDATA/sp01/datafile/sefpllive_rpt_readonly_01.dbf
input datafile file number=00017 name=+LOGARCH/sp01/datafile/sefpllive_10.dbf
input datafile file number=00002 name=+SEFLDATA/sp01/datafile/sysaux.266.913866841
channel e4: starting piece 1 at 09-JUN-16
channel e3: finished piece 1 at 09-JUN-16
piece handle=/newdump/filesystems/SP01/rmanbackup/BackupSP01_DB_3cr7o1q5_108_1_20160609.bkp tag=FULL_SP01_BACKUP comment=NONE
channel e3: backup set complete, elapsed time: 00:51:36
channel e3: starting compressed full datafile backup set
channel e3: specifying datafile(s) in backup set
including current control file in backup set
channel e3: starting piece 1 at 09-JUN-16
channel e3: finished piece 1 at 09-JUN-16
piece handle=/newdump/filesystems/SP01/rmanbackup/BackupSP01_DB_3er7o4qu_110_1_20160609.bkp tag=FULL_SP01_BACKUP comment=NONE
channel e3: backup set complete, elapsed time: 00:00:01
channel e3: starting compressed full datafile backup set
channel e3: specifying datafile(s) in backup set
including current SPFILE in backup set
channel e3: starting piece 1 at 09-JUN-16
channel e3: finished piece 1 at 09-JUN-16
piece handle=/newdump/filesystems/SP01/rmanbackup/BackupSP01_DB_3fr7o4r0_111_1_20160609.bkp tag=FULL_SP01_BACKUP comment=NONE
channel e3: backup set complete, elapsed time: 00:00:01
channel e4: finished piece 1 at 09-JUN-16
piece handle=/newdump/filesystems/SP01/rmanbackup/BackupSP01_DB_3dr7o1q6_109_1_20160609.bkp tag=FULL_SP01_BACKUP comment=NONE
channel e4: backup set complete, elapsed time: 00:54:04
channel e2: finished piece 1 at 09-JUN-16
piece handle=/newdump/filesystems/SP01/rmanbackup/BackupSP01_DB_3br7o1q5_107_1_20160609.bkp tag=FULL_SP01_BACKUP comment=NONE
channel e2: backup set complete, elapsed time: 00:57:25
channel e1: finished piece 1 at 09-JUN-16
piece handle=/newdump/filesystems/SP01/rmanbackup/BackupSP01_DB_3ar7o1q5_106_1_20160609.bkp tag=FULL_SP01_BACKUP comment=NONE
channel e1: backup set complete, elapsed time: 00:59:25
Finished backup at 09-JUN-16

Starting backup at 09-JUN-16
current log archived
channel e1: starting compressed archived log backup set
channel e1: specifying archived log(s) in backup set
input archived log thread=1 sequence=191 RECID=513 STAMP=914101558
channel e1: starting piece 1 at 09-JUN-16
channel e2: starting compressed archived log backup set
channel e2: specifying archived log(s) in backup set
input archived log thread=2 sequence=322 RECID=512 STAMP=914101556
channel e2: starting piece 1 at 09-JUN-16
channel e1: finished piece 1 at 09-JUN-16
piece handle=/newdump/filesystems/SP01/rmanbackup/BackupSP01_DB_3gr7o59n_112_1_20160609.bkp tag=FULL_SP01_BACKUP comment=NONE
channel e1: backup set complete, elapsed time: 00:00:04
channel e1: deleting archived log(s)
archived log file name=+LOGARCH/sp01/archivelog/2016_06_09/thread_1_seq_191.297.914101557 RECID=513 STAMP=914101558
channel e2: finished piece 1 at 09-JUN-16
piece handle=/newdump/filesystems/SP01/rmanbackup/BackupSP01_DB_3hr7o59o_113_1_20160609.bkp tag=FULL_SP01_BACKUP comment=NONE
channel e2: backup set complete, elapsed time: 00:00:03
channel e2: deleting archived log(s)
archived log file name=+LOGARCH/sp01/archivelog/2016_06_09/thread_2_seq_322.295.914101557 RECID=512 STAMP=914101556
Finished backup at 09-JUN-16

Starting backup at 09-JUN-16
channel e1: starting full datafile backup set
channel e1: specifying datafile(s) in backup set
including current control file in backup set
channel e1: starting piece 1 at 09-JUN-16
channel e1: finished piece 1 at 09-JUN-16
piece handle=/newdump/filesystems/SP01/rmanbackup/controlfile_3ir7o59r_1_1_09.bkp tag=TAG20160609T210603 comment=NONE
channel e1: backup set complete, elapsed time: 00:00:01
Finished backup at 09-JUN-16

Starting backup at 09-JUN-16
channel e1: starting full datafile backup set
channel e1: specifying datafile(s) in backup set
including current SPFILE in backup set
channel e1: starting piece 1 at 09-JUN-16
channel e1: finished piece 1 at 09-JUN-16
piece handle=/newdump/filesystems/SP01/rmanbackup/spfile_3jr7o59u_1_1_09.bkp tag=TAG20160609T210606 comment=NONE
channel e1: backup set complete, elapsed time: 00:00:01
Finished backup at 09-JUN-16

specification does not match any archived log in the repository
released channel: e1
released channel: e2
released channel: e3
released channel: e4

RMAN> 

Recovery Manager complete.
