
Recovery Manager: Release 11.2.0.4.0 - Production on Fri Jun 10 20:00:01 2016

Copyright (c) 1982, 2011, Oracle and/or its affiliates.  All rights reserved.

ORACLE_HOME = /u01/rac/product/11.2.0/dbhome_1
System name:	Linux
Node name:	sreikolsefl1.srei.com
Release:	2.6.39-400.247.1.el5uek
Version:	#1 SMP Thu Feb 5 15:53:28 PST 2015
Machine:	x86_64

Starting with debugging turned off

connected to target database: SP01 (DBID=1526771045)

RMAN> 
RMAN> 2> 3> 4> 5> 6> 7> 8> 9> 10> 11> 12> 13> 14> 15> 
using target database control file instead of recovery catalog
allocated channel: e1
channel e1: SID=63 instance=sp011 device type=DISK

allocated channel: e2
channel e2: SID=330 instance=sp011 device type=DISK

allocated channel: e3
channel e3: SID=484 instance=sp011 device type=DISK

allocated channel: e4
channel e4: SID=162 instance=sp011 device type=DISK

RMAN retention policy will be applied to the command
RMAN retention policy is set to redundancy 1
no obsolete backups found

specification does not match any archived log in the repository


validation succeeded for archived log
archived log file name=+LOGARCH/sp01/archivelog/2016_06_10/thread_1_seq_238.374.914178571 RECID=652 STAMP=914178570
validation succeeded for archived log
archived log file name=+LOGARCH/sp01/archivelog/2016_06_10/thread_1_seq_239.297.914182053 RECID=656 STAMP=914182053
validation succeeded for archived log
archived log file name=+LOGARCH/sp01/archivelog/2016_06_10/thread_2_seq_414.388.914177561 RECID=651 STAMP=914177560
validation succeeded for archived log
archived log file name=+LOGARCH/sp01/archivelog/2016_06_10/thread_2_seq_415.377.914178629 RECID=653 STAMP=914178629
validation succeeded for archived log
archived log file name=+LOGARCH/sp01/archivelog/2016_06_10/thread_2_seq_416.295.914180039 RECID=654 STAMP=914180040
validation succeeded for archived log
archived log file name=+LOGARCH/sp01/archivelog/2016_06_10/thread_2_seq_417.411.914182051 RECID=655 STAMP=914182050
Crosschecked 6 objects



Starting backup at 10-JUN-16
current log archived
channel e1: starting compressed archived log backup set
channel e1: specifying archived log(s) in backup set
input archived log thread=2 sequence=414 RECID=651 STAMP=914177560
input archived log thread=1 sequence=238 RECID=652 STAMP=914178570
input archived log thread=2 sequence=415 RECID=653 STAMP=914178629
channel e1: starting piece 1 at 10-JUN-16
channel e2: starting compressed archived log backup set
channel e2: specifying archived log(s) in backup set
input archived log thread=1 sequence=239 RECID=656 STAMP=914182053
input archived log thread=2 sequence=416 RECID=654 STAMP=914180040
channel e2: starting piece 1 at 10-JUN-16
channel e3: starting compressed archived log backup set
channel e3: specifying archived log(s) in backup set
input archived log thread=2 sequence=417 RECID=655 STAMP=914182050
input archived log thread=2 sequence=418 RECID=658 STAMP=914184014
input archived log thread=1 sequence=240 RECID=657 STAMP=914184012
channel e3: starting piece 1 at 10-JUN-16
channel e4: starting compressed archived log backup set
channel e4: specifying archived log(s) in backup set
input archived log thread=1 sequence=241 RECID=659 STAMP=914184015
channel e4: starting piece 1 at 10-JUN-16
channel e4: finished piece 1 at 10-JUN-16
piece handle=/newdump/filesystems/SP01/rmanbackup/BackupSP01_DB_4hr7qlqg_145_1_20160610.bkp tag=FULL_SP01_BACKUP comment=NONE
channel e4: backup set complete, elapsed time: 00:00:01
channel e4: deleting archived log(s)
archived log file name=+LOGARCH/sp01/archivelog/2016_06_10/thread_1_seq_241.298.914184015 RECID=659 STAMP=914184015
channel e3: finished piece 1 at 10-JUN-16
piece handle=/newdump/filesystems/SP01/rmanbackup/BackupSP01_DB_4gr7qlqg_144_1_20160610.bkp tag=FULL_SP01_BACKUP comment=NONE
channel e3: backup set complete, elapsed time: 00:00:07
channel e3: deleting archived log(s)
archived log file name=+LOGARCH/sp01/archivelog/2016_06_10/thread_2_seq_417.411.914182051 RECID=655 STAMP=914182050
archived log file name=+LOGARCH/sp01/archivelog/2016_06_10/thread_2_seq_418.376.914184013 RECID=658 STAMP=914184014
archived log file name=+LOGARCH/sp01/archivelog/2016_06_10/thread_1_seq_240.262.914184011 RECID=657 STAMP=914184012
channel e1: finished piece 1 at 10-JUN-16
piece handle=/newdump/filesystems/SP01/rmanbackup/BackupSP01_DB_4er7qlqg_142_1_20160610.bkp tag=FULL_SP01_BACKUP comment=NONE
channel e1: backup set complete, elapsed time: 00:00:16
channel e1: deleting archived log(s)
archived log file name=+LOGARCH/sp01/archivelog/2016_06_10/thread_2_seq_414.388.914177561 RECID=651 STAMP=914177560
archived log file name=+LOGARCH/sp01/archivelog/2016_06_10/thread_1_seq_238.374.914178571 RECID=652 STAMP=914178570
archived log file name=+LOGARCH/sp01/archivelog/2016_06_10/thread_2_seq_415.377.914178629 RECID=653 STAMP=914178629
channel e2: finished piece 1 at 10-JUN-16
piece handle=/newdump/filesystems/SP01/rmanbackup/BackupSP01_DB_4fr7qlqg_143_1_20160610.bkp tag=FULL_SP01_BACKUP comment=NONE
channel e2: backup set complete, elapsed time: 00:00:22
channel e2: deleting archived log(s)
archived log file name=+LOGARCH/sp01/archivelog/2016_06_10/thread_1_seq_239.297.914182053 RECID=656 STAMP=914182053
archived log file name=+LOGARCH/sp01/archivelog/2016_06_10/thread_2_seq_416.295.914180039 RECID=654 STAMP=914180040
Finished backup at 10-JUN-16

Starting backup at 10-JUN-16
channel e1: starting compressed full datafile backup set
channel e1: specifying datafile(s) in backup set
input datafile file number=00003 name=+SEFLDATA/sp01/datafile/sefpllive_02.dbf
input datafile file number=00016 name=+LOGARCH/sp01/datafile/sefpllive_09.dbf
input datafile file number=00007 name=+SEFLDATA/sp01/datafile/undotbs03.dbf
input datafile file number=00005 name=+SEFLDATA/sp01/datafile/users.279.913866861
input datafile file number=00014 name=+SEFLDATA/sp01/datafile/sefpllive_07.dbf
channel e1: starting piece 1 at 10-JUN-16
channel e2: starting compressed full datafile backup set
channel e2: specifying datafile(s) in backup set
input datafile file number=00012 name=+LOGARCH/sp01/datafile/sefpllive_05.dbf
input datafile file number=00006 name=+SEFLDATA/sp01/datafile/sefpllive_01.dbf
input datafile file number=00008 name=+SEFLDATA/sp01/datafile/sefpllivereports_01.dbf
input datafile file number=00001 name=+SEFLDATA/sp01/datafile/system.262.913866833
channel e2: starting piece 1 at 10-JUN-16
channel e3: starting compressed full datafile backup set
channel e3: specifying datafile(s) in backup set
input datafile file number=00013 name=+LOGARCH/sp01/datafile/sefpllive_06.dbf
input datafile file number=00015 name=+LOGARCH/sp01/datafile/sefpllive_08.dbf
input datafile file number=00010 name=+SEFLDATA/sp01/datafile/undotbs04.dbf
channel e3: starting piece 1 at 10-JUN-16
channel e4: starting compressed full datafile backup set
channel e4: specifying datafile(s) in backup set
input datafile file number=00011 name=+LOGARCH/sp01/datafile/sefpllive_04.dbf
input datafile file number=00004 name=+SEFLDATA/sp01/datafile/sefpllive_03.dbf
input datafile file number=00009 name=+SEFLDATA/sp01/datafile/sefpllive_rpt_readonly_01.dbf
input datafile file number=00017 name=+LOGARCH/sp01/datafile/sefpllive_10.dbf
input datafile file number=00002 name=+SEFLDATA/sp01/datafile/sysaux.266.913866841
channel e4: starting piece 1 at 10-JUN-16
channel e3: finished piece 1 at 10-JUN-16
piece handle=/newdump/filesystems/SP01/rmanbackup/BackupSP01_DB_4kr7qlr8_148_1_20160610.bkp tag=FULL_SP01_BACKUP comment=NONE
channel e3: backup set complete, elapsed time: 00:50:07
channel e3: starting compressed full datafile backup set
channel e3: specifying datafile(s) in backup set
including current control file in backup set
channel e3: starting piece 1 at 10-JUN-16
channel e3: finished piece 1 at 10-JUN-16
piece handle=/newdump/filesystems/SP01/rmanbackup/BackupSP01_DB_4mr7qop7_150_1_20160610.bkp tag=FULL_SP01_BACKUP comment=NONE
channel e3: backup set complete, elapsed time: 00:00:01
channel e3: starting compressed full datafile backup set
channel e3: specifying datafile(s) in backup set
including current SPFILE in backup set
channel e3: starting piece 1 at 10-JUN-16
channel e3: finished piece 1 at 10-JUN-16
piece handle=/newdump/filesystems/SP01/rmanbackup/BackupSP01_DB_4nr7qop9_151_1_20160610.bkp tag=FULL_SP01_BACKUP comment=NONE
channel e3: backup set complete, elapsed time: 00:00:01
channel e4: finished piece 1 at 10-JUN-16
piece handle=/newdump/filesystems/SP01/rmanbackup/BackupSP01_DB_4lr7qlr8_149_1_20160610.bkp tag=FULL_SP01_BACKUP comment=NONE
channel e4: backup set complete, elapsed time: 00:52:04
channel e2: finished piece 1 at 10-JUN-16
piece handle=/newdump/filesystems/SP01/rmanbackup/BackupSP01_DB_4jr7qlr8_147_1_20160610.bkp tag=FULL_SP01_BACKUP comment=NONE
channel e2: backup set complete, elapsed time: 00:55:24
channel e1: finished piece 1 at 10-JUN-16
piece handle=/newdump/filesystems/SP01/rmanbackup/BackupSP01_DB_4ir7qlr8_146_1_20160610.bkp tag=FULL_SP01_BACKUP comment=NONE
channel e1: backup set complete, elapsed time: 00:57:24
Finished backup at 10-JUN-16

Starting backup at 10-JUN-16
current log archived
channel e1: starting compressed archived log backup set
channel e1: specifying archived log(s) in backup set
input archived log thread=2 sequence=419 RECID=661 STAMP=914187486
channel e1: starting piece 1 at 10-JUN-16
channel e2: starting compressed archived log backup set
channel e2: specifying archived log(s) in backup set
input archived log thread=1 sequence=242 RECID=660 STAMP=914187485
channel e2: starting piece 1 at 10-JUN-16
channel e1: finished piece 1 at 10-JUN-16
piece handle=/newdump/filesystems/SP01/rmanbackup/BackupSP01_DB_4or7qp73_152_1_20160610.bkp tag=FULL_SP01_BACKUP comment=NONE
channel e1: backup set complete, elapsed time: 00:00:03
channel e1: deleting archived log(s)
archived log file name=+LOGARCH/sp01/archivelog/2016_06_10/thread_2_seq_419.297.914187487 RECID=661 STAMP=914187486
channel e2: finished piece 1 at 10-JUN-16
piece handle=/newdump/filesystems/SP01/rmanbackup/BackupSP01_DB_4pr7qp73_153_1_20160610.bkp tag=FULL_SP01_BACKUP comment=NONE
channel e2: backup set complete, elapsed time: 00:00:03
channel e2: deleting archived log(s)
archived log file name=+LOGARCH/sp01/archivelog/2016_06_10/thread_1_seq_242.295.914187485 RECID=660 STAMP=914187485
Finished backup at 10-JUN-16

Starting backup at 10-JUN-16
channel e1: starting full datafile backup set
channel e1: specifying datafile(s) in backup set
including current control file in backup set
channel e1: starting piece 1 at 10-JUN-16
channel e1: finished piece 1 at 10-JUN-16
piece handle=/newdump/filesystems/SP01/rmanbackup/controlfile_4qr7qp77_1_1_10.bkp tag=TAG20160610T205815 comment=NONE
channel e1: backup set complete, elapsed time: 00:00:01
Finished backup at 10-JUN-16

Starting backup at 10-JUN-16
channel e1: starting full datafile backup set
channel e1: specifying datafile(s) in backup set
including current SPFILE in backup set
channel e1: starting piece 1 at 10-JUN-16
channel e1: finished piece 1 at 10-JUN-16
piece handle=/newdump/filesystems/SP01/rmanbackup/spfile_4rr7qp79_1_1_10.bkp tag=TAG20160610T205817 comment=NONE
channel e1: backup set complete, elapsed time: 00:00:01
Finished backup at 10-JUN-16

specification does not match any archived log in the repository
released channel: e1
released channel: e2
released channel: e3
released channel: e4

RMAN> 

Recovery Manager complete.
